[debug] [2026-06-16T09:27:25.640Z] ----------------------------------------------------------------------
[debug] [2026-06-16T09:27:25.653Z] Command:       /home/matthias/.config/nvm/versions/node/v24.16.0/bin/node /home/matthias/.config/nvm/versions/node/v24.16.0/bin/firebase deploy --only functions
[debug] [2026-06-16T09:27:25.655Z] CLI Version:   15.20.0
[debug] [2026-06-16T09:27:25.657Z] Platform:      linux
[debug] [2026-06-16T09:27:25.658Z] Node Version:  v24.16.0
[debug] [2026-06-16T09:27:25.659Z] Time:          Tue Jun 16 2026 11:27:25 GMT+0200 (Central European Summer Time)
[debug] [2026-06-16T09:27:25.660Z] ----------------------------------------------------------------------
[debug] 
[debug] [2026-06-16T09:27:29.809Z] > command requires scopes: ["email","openid","https://www.googleapis.com/auth/cloudplatformprojects.readonly","https://www.googleapis.com/auth/firebase","https://www.googleapis.com/auth/cloud-platform"]
[debug] [2026-06-16T09:27:29.811Z] > authorizing via signed-in user (kluthmatthias@gmail.com)
[debug] [2026-06-16T09:27:29.812Z] [iam] checking project project-chronos-2026 for permissions ["cloudfunctions.functions.create","cloudfunctions.functions.delete","cloudfunctions.functions.get","cloudfunctions.functions.list","cloudfunctions.functions.update","cloudfunctions.operations.get","firebase.projects.get"]
[debug] [2026-06-16T09:27:29.818Z] Checked if tokens are valid: true, expires at: 1781604503053
[debug] [2026-06-16T09:27:29.818Z] Checked if tokens are valid: true, expires at: 1781604503053
[debug] [2026-06-16T09:27:29.821Z] >>> [apiv2][query] POST https://cloudresourcemanager.googleapis.com/v1/projects/project-chronos-2026:testIamPermissions [none]
[debug] [2026-06-16T09:27:29.821Z] >>> [apiv2][(partial)header] POST https://cloudresourcemanager.googleapis.com/v1/projects/project-chronos-2026:testIamPermissions  x-goog-user-project=project-chronos-2026
[debug] [2026-06-16T09:27:29.822Z] >>> [apiv2][body] POST https://cloudresourcemanager.googleapis.com/v1/projects/project-chronos-2026:testIamPermissions {"permissions":["cloudfunctions.functions.create","cloudfunctions.functions.delete","cloudfunctions.functions.get","cloudfunctions.functions.list","cloudfunctions.functions.update","cloudfunctions.operations.get","firebase.projects.get"]}
[debug] [2026-06-16T09:27:30.255Z] <<< [apiv2][status] POST https://cloudresourcemanager.googleapis.com/v1/projects/project-chronos-2026:testIamPermissions 200
[debug] [2026-06-16T09:27:30.255Z] <<< [apiv2][body] POST https://cloudresourcemanager.googleapis.com/v1/projects/project-chronos-2026:testIamPermissions {"permissions":["cloudfunctions.functions.create","cloudfunctions.functions.delete","cloudfunctions.functions.get","cloudfunctions.functions.list","cloudfunctions.functions.update","cloudfunctions.operations.get","firebase.projects.get"]}
[debug] [2026-06-16T09:27:30.257Z] Checked if tokens are valid: true, expires at: 1781604503053
[debug] [2026-06-16T09:27:30.257Z] Checked if tokens are valid: true, expires at: 1781604503053
[debug] [2026-06-16T09:27:30.257Z] >>> [apiv2][query] POST https://iam.googleapis.com/v1/projects/project-chronos-2026/serviceAccounts/project-chronos-2026@appspot.gserviceaccount.com:testIamPermissions [none]
[debug] [2026-06-16T09:27:30.258Z] >>> [apiv2][body] POST https://iam.googleapis.com/v1/projects/project-chronos-2026/serviceAccounts/project-chronos-2026@appspot.gserviceaccount.com:testIamPermissions {"permissions":["iam.serviceAccounts.actAs"]}
[debug] [2026-06-16T09:27:30.615Z] <<< [apiv2][status] POST https://iam.googleapis.com/v1/projects/project-chronos-2026/serviceAccounts/project-chronos-2026@appspot.gserviceaccount.com:testIamPermissions 200
[debug] [2026-06-16T09:27:30.617Z] <<< [apiv2][body] POST https://iam.googleapis.com/v1/projects/project-chronos-2026/serviceAccounts/project-chronos-2026@appspot.gserviceaccount.com:testIamPermissions {"permissions":["iam.serviceAccounts.actAs"]}
[info] 
[info] === Deploying to 'project-chronos-2026'...
[info] 
[info] i  deploying functions 
[debug] [2026-06-16T09:27:30.669Z] Checked if tokens are valid: true, expires at: 1781604503053
[debug] [2026-06-16T09:27:30.670Z] Checked if tokens are valid: true, expires at: 1781604503053
[debug] [2026-06-16T09:27:30.673Z] >>> [apiv2][query] GET https://cloudresourcemanager.googleapis.com/v1/projects/project-chronos-2026 [none]
[debug] [2026-06-16T09:27:30.894Z] <<< [apiv2][status] GET https://cloudresourcemanager.googleapis.com/v1/projects/project-chronos-2026 200
[debug] [2026-06-16T09:27:30.894Z] <<< [apiv2][body] GET https://cloudresourcemanager.googleapis.com/v1/projects/project-chronos-2026 {"projectNumber":"839998961406","projectId":"project-chronos-2026","lifecycleState":"ACTIVE","name":"Project Chronos","labels":{"firebase":"enabled","firebase-core":"disabled"},"createTime":"2026-06-16T09:23:21.515Z"}
[info] i  functions: preparing codebase default for deployment 
[info] i  functions: ensuring required API cloudfunctions.googleapis.com is enabled... 
[info] i  functions: ensuring required API cloudbuild.googleapis.com is enabled... 
[info] i  artifactregistry: ensuring required API artifactregistry.googleapis.com is enabled... 
[debug] [2026-06-16T09:27:30.899Z] Checked if tokens are valid: true, expires at: 1781604503053
[debug] [2026-06-16T09:27:30.900Z] Checked if tokens are valid: true, expires at: 1781604503053
[debug] [2026-06-16T09:27:30.900Z] >>> [apiv2][query] GET https://firebase.googleapis.com/v1beta1/projects/project-chronos-2026/adminSdkConfig [none]
[debug] [2026-06-16T09:27:31.322Z] <<< [apiv2][status] GET https://firebase.googleapis.com/v1beta1/projects/project-chronos-2026/adminSdkConfig 200
[debug] [2026-06-16T09:27:31.323Z] <<< [apiv2][body] GET https://firebase.googleapis.com/v1beta1/projects/project-chronos-2026/adminSdkConfig {"projectId":"project-chronos-2026","storageBucket":"project-chronos-2026.firebasestorage.app"}
[debug] [2026-06-16T09:27:31.324Z] Checked if tokens are valid: true, expires at: 1781604503053
[debug] [2026-06-16T09:27:31.325Z] Checked if tokens are valid: true, expires at: 1781604503053
[debug] [2026-06-16T09:27:31.326Z] >>> [apiv2][query] GET https://runtimeconfig.googleapis.com/v1beta1/projects/project-chronos-2026/configs [none]
[debug] [2026-06-16T09:27:31.729Z] <<< [apiv2][status] GET https://runtimeconfig.googleapis.com/v1beta1/projects/project-chronos-2026/configs 200
[debug] [2026-06-16T09:27:31.730Z] <<< [apiv2][body] GET https://runtimeconfig.googleapis.com/v1beta1/projects/project-chronos-2026/configs {}
[debug] [2026-06-16T09:27:31.740Z] Validating nodejs source
[warn] ⚠  functions: Runtime Node.js 20 was deprecated on 2026-04-30 and will be decommissioned on 2026-10-30, after which you will not be able to deploy without upgrading. Consider upgrading now to avoid disruption. See https://cloud.google.com/functions/docs/runtime-support for full details on the lifecycle policy 
[warn] ⚠  functions: package.json indicates an outdated version of firebase-functions. Please upgrade using npm install --save firebase-functions@latest in your functions directory. 
[warn] ⚠  functions: Please note that there will be breaking changes when you upgrade. 
[debug] [2026-06-16T09:27:36.387Z] > [functions] package.json contents: {
  "name": "backend-functions",
  "scripts": {
    "build": "tsc",
    "serve": "npm run build && firebase emulators:start --only functions",
    "shell": "npm run build && firebase functions:shell",
    "start": "npm run shell",
    "deploy": "firebase deploy --only functions",
    "logs": "firebase functions:log",
    "test": "jest"
  },
  "main": "lib/index.js",
  "dependencies": {
    "firebase-admin": "^12.0.0",
    "firebase-functions": "^4.5.0"
  },
  "devDependencies": {
    "@types/jest": "^29.5.14",
    "jest": "^29.7.0",
    "ts-jest": "^29.4.11",
    "typescript": "^5.9.3"
  },
  "private": true
}
[debug] [2026-06-16T09:27:36.394Z] Building nodejs source
[info] i  functions: Loading and analyzing source code for codebase default to determine what to deploy 
[info] i  functions: You are using a version of firebase-functions SDK (4.9.0) that does not have support for the newest Firebase Extensions features. Please update firebase-functions SDK to >=5.1.0 to use them correctly 
[debug] [2026-06-16T09:27:36.430Z] Could not find functions.yaml. Must use http discovery
[debug] [2026-06-16T09:27:36.503Z] Found firebase-functions binary at '/home/matthias/project/project-chronos/backend-functions/node_modules/.bin/firebase-functions'
[info] Serving at port 8845

[debug] [2026-06-16T09:27:41.761Z] Got response from /__/functions.yaml {"endpoints":{"onWorkTaskAdded":{"platform":"gcfv1","availableMemoryMb":null,"timeoutSeconds":null,"minInstances":null,"maxInstances":null,"ingressSettings":null,"serviceAccountEmail":null,"vpc":null,"eventTrigger":{"eventType":"providers/cloud.firestore/eventTypes/document.create","eventFilters":{"resource":"projects/project-chronos-2026/databases/(default)/documents/users/{userId}/work_tasks/{taskId}"},"retry":false},"labels":{},"entryPoint":"onWorkTaskAdded"},"onPrivateAnchorAdded":{"platform":"gcfv1","availableMemoryMb":null,"timeoutSeconds":null,"minInstances":null,"maxInstances":null,"ingressSettings":null,"serviceAccountEmail":null,"vpc":null,"eventTrigger":{"eventType":"providers/cloud.firestore/eventTypes/document.create","eventFilters":{"resource":"projects/project-chronos-2026/databases/(default)/documents/users/{userId}/private_anchors/{anchorId}"},"retry":false},"labels":{},"entryPoint":"onPrivateAnchorAdded"}},"specVersion":"v1alpha1","requiredAPIs":[]}
[debug] [2026-06-16T09:27:45.885Z] Checked if tokens are valid: true, expires at: 1781604503053
[debug] [2026-06-16T09:27:45.886Z] Checked if tokens are valid: true, expires at: 1781604503053
[debug] [2026-06-16T09:27:45.887Z] >>> [apiv2][query] GET https://cloudfunctions.googleapis.com/v1/projects/project-chronos-2026/locations/-/functions [none]
[debug] [2026-06-16T09:27:46.705Z] <<< [apiv2][status] GET https://cloudfunctions.googleapis.com/v1/projects/project-chronos-2026/locations/-/functions 200
[debug] [2026-06-16T09:27:46.706Z] <<< [apiv2][body] GET https://cloudfunctions.googleapis.com/v1/projects/project-chronos-2026/locations/-/functions {}
[debug] [2026-06-16T09:27:46.707Z] Checked if tokens are valid: true, expires at: 1781604503053
[debug] [2026-06-16T09:27:46.707Z] Checked if tokens are valid: true, expires at: 1781604503053
[debug] [2026-06-16T09:27:46.708Z] >>> [apiv2][query] GET https://cloudfunctions.googleapis.com/v2/projects/project-chronos-2026/locations/-/functions filter=environment%3D%22GEN_2%22
[debug] [2026-06-16T09:27:47.778Z] <<< [apiv2][status] GET https://cloudfunctions.googleapis.com/v2/projects/project-chronos-2026/locations/-/functions 200
[debug] [2026-06-16T09:27:47.781Z] <<< [apiv2][body] GET https://cloudfunctions.googleapis.com/v2/projects/project-chronos-2026/locations/-/functions {}
[info] i  functions: preparing backend-functions directory for uploading... 
[info] i  functions: packaged /home/matthias/project/project-chronos/backend-functions (69.28 KB) for uploading 
[debug] [2026-06-16T09:27:48.048Z] Checked if tokens are valid: true, expires at: 1781604503053
[debug] [2026-06-16T09:27:48.048Z] Checked if tokens are valid: true, expires at: 1781604503053
[debug] [2026-06-16T09:27:48.049Z] >>> [apiv2][query] GET https://firestore.googleapis.com/v1/projects/project-chronos-2026/databases/(default) [none]
[debug] [2026-06-16T09:27:49.011Z] <<< [apiv2][status] GET https://firestore.googleapis.com/v1/projects/project-chronos-2026/databases/(default) 200
[debug] [2026-06-16T09:27:49.012Z] <<< [apiv2][body] GET https://firestore.googleapis.com/v1/projects/project-chronos-2026/databases/(default) {"name":"projects/project-chronos-2026/databases/(default)","uid":"642eb639-d8a8-4365-8f5f-0d4494d3b522","createTime":"2026-06-16T09:25:46.550635Z","updateTime":"2026-06-16T09:25:46.550635Z","locationId":"nam5","type":"FIRESTORE_NATIVE","concurrencyMode":"PESSIMISTIC","versionRetentionPeriod":"3600s","earliestVersionTime":"2026-06-16T09:25:46.550635Z","appEngineIntegrationMode":"DISABLED","keyPrefix":"s","pointInTimeRecoveryEnablement":"POINT_IN_TIME_RECOVERY_DISABLED","deleteProtectionState":"DELETE_PROTECTION_DISABLED","databaseEdition":"STANDARD","freeTier":true,"realtimeUpdatesMode":"REALTIME_UPDATES_MODE_ENABLED","etag":"IKvUzPO4i5UDMPLTmr64i5UD"}
[debug] [2026-06-16T09:27:49.017Z] Checked if tokens are valid: true, expires at: 1781604503053
[debug] [2026-06-16T09:27:49.018Z] Checked if tokens are valid: true, expires at: 1781604503053
[debug] [2026-06-16T09:27:49.018Z] >>> [apiv2][query] GET https://cloudresourcemanager.googleapis.com/v1/projects/project-chronos-2026 [none]
[debug] [2026-06-16T09:27:49.411Z] <<< [apiv2][status] GET https://cloudresourcemanager.googleapis.com/v1/projects/project-chronos-2026 200
[debug] [2026-06-16T09:27:49.412Z] <<< [apiv2][body] GET https://cloudresourcemanager.googleapis.com/v1/projects/project-chronos-2026 {"projectNumber":"839998961406","projectId":"project-chronos-2026","lifecycleState":"ACTIVE","name":"Project Chronos","labels":{"firebase":"enabled","firebase-core":"disabled"},"createTime":"2026-06-16T09:23:21.515Z"}
[debug] [2026-06-16T09:27:49.423Z] Checked if tokens are valid: true, expires at: 1781604503053
[debug] [2026-06-16T09:27:49.424Z] Checked if tokens are valid: true, expires at: 1781604503053
[debug] [2026-06-16T09:27:49.427Z] >>> [apiv2][query] POST https://cloudfunctions.googleapis.com/v1/projects/project-chronos-2026/locations/us-central1/functions:generateUploadUrl [none]
[debug] [2026-06-16T09:27:49.428Z] >>> [apiv2][body] POST https://cloudfunctions.googleapis.com/v1/projects/project-chronos-2026/locations/us-central1/functions:generateUploadUrl {}
[debug] [2026-06-16T09:27:56.901Z] <<< [apiv2][status] POST https://cloudfunctions.googleapis.com/v1/projects/project-chronos-2026/locations/us-central1/functions:generateUploadUrl 200
[debug] [2026-06-16T09:27:56.902Z] <<< [apiv2][body] POST https://cloudfunctions.googleapis.com/v1/projects/project-chronos-2026/locations/us-central1/functions:generateUploadUrl {"uploadUrl":"https://storage.googleapis.com/uploads-152531106823.us-central1.cloudfunctions.appspot.com/677f935c-9805-4071-8257-a6e70596f070.zip?GoogleAccessId=service-839998961406@gcf-admin-robot.iam.gserviceaccount.com&Expires=1781603876&Signature=bsrZPjwbmvTV5OL62FrtvsYiv1a3gbvKOBzV9DHKfhB2QMB2ow7g%2Fzi136dsgo2IljGIutPRSThKF8cuEESBZhmaqGCYLEnyvnYSgAKyVotrZXIBLosihjpFLCb3pC3wYO18kbVKmvDD7JRnD%2FvAs0pLo7SDGAYFR2moenLQj%2FdR98%2Bh%2BdZa4Rxq3W4%2FbQIC3jp8DKOPE42MndbfF17rWQmQXRJ%2FVC8PyMcDeDNnqxfMGZLJdzyKSXdAHB%2FXZhkm9w2EO65%2FI%2FVgZGSzhybU2IQQcCnaUnpYynQbDZFb4UD6vJILeJXe9t0uMyg1ge2ITqkB1XueyYQw5iYX3jvLng%3D%3D"}
[debug] [2026-06-16T09:27:56.908Z] >>> [apiv2][query] PUT https://storage.googleapis.com/uploads-152531106823.us-central1.cloudfunctions.appspot.com/677f935c-9805-4071-8257-a6e70596f070.zip GoogleAccessId=service-839998961406%40gcf-admin-robot.iam.gserviceaccount.com&Expires=1781603876&Signature=bsrZPjwbmvTV5OL62FrtvsYiv1a3gbvKOBzV9DHKfhB2QMB2ow7g%2Fzi136dsgo2IljGIutPRSThKF8cuEESBZhmaqGCYLEnyvnYSgAKyVotrZXIBLosihjpFLCb3pC3wYO18kbVKmvDD7JRnD%2FvAs0pLo7SDGAYFR2moenLQj%2FdR98%2Bh%2BdZa4Rxq3W4%2FbQIC3jp8DKOPE42MndbfF17rWQmQXRJ%2FVC8PyMcDeDNnqxfMGZLJdzyKSXdAHB%2FXZhkm9w2EO65%2FI%2FVgZGSzhybU2IQQcCnaUnpYynQbDZFb4UD6vJILeJXe9t0uMyg1ge2ITqkB1XueyYQw5iYX3jvLng%3D%3D
[debug] [2026-06-16T09:27:56.909Z] >>> [apiv2][body] PUT https://storage.googleapis.com/uploads-152531106823.us-central1.cloudfunctions.appspot.com/677f935c-9805-4071-8257-a6e70596f070.zip [stream]
[debug] [2026-06-16T09:27:57.880Z] <<< [apiv2][status] PUT https://storage.googleapis.com/uploads-152531106823.us-central1.cloudfunctions.appspot.com/677f935c-9805-4071-8257-a6e70596f070.zip 200
[debug] [2026-06-16T09:27:57.882Z] <<< [apiv2][body] PUT https://storage.googleapis.com/uploads-152531106823.us-central1.cloudfunctions.appspot.com/677f935c-9805-4071-8257-a6e70596f070.zip [omitted]
[info] ✔  functions: backend-functions source uploaded successfully 
[info] i  functions: creating Node.js 20 (1st Gen) function onWorkTaskAdded(us-central1)... 
[info] i  functions: creating Node.js 20 (1st Gen) function onPrivateAnchorAdded(us-central1)... 
[debug] [2026-06-16T09:27:57.931Z] Checked if tokens are valid: true, expires at: 1781604503053
[debug] [2026-06-16T09:27:57.931Z] Checked if tokens are valid: true, expires at: 1781604503053
[debug] [2026-06-16T09:27:57.932Z] >>> [apiv2][query] POST https://cloudfunctions.googleapis.com/v1/projects/project-chronos-2026/locations/us-central1/functions [none]
[debug] [2026-06-16T09:27:57.933Z] >>> [apiv2][body] POST https://cloudfunctions.googleapis.com/v1/projects/project-chronos-2026/locations/us-central1/functions {"name":"projects/project-chronos-2026/locations/us-central1/functions/onWorkTaskAdded","sourceUploadUrl":"https://storage.googleapis.com/uploads-152531106823.us-central1.cloudfunctions.appspot.com/677f935c-9805-4071-8257-a6e70596f070.zip?GoogleAccessId=service-839998961406@gcf-admin-robot.iam.gserviceaccount.com&Expires=1781603876&Signature=bsrZPjwbmvTV5OL62FrtvsYiv1a3gbvKOBzV9DHKfhB2QMB2ow7g%2Fzi136dsgo2IljGIutPRSThKF8cuEESBZhmaqGCYLEnyvnYSgAKyVotrZXIBLosihjpFLCb3pC3wYO18kbVKmvDD7JRnD%2FvAs0pLo7SDGAYFR2moenLQj%2FdR98%2Bh%2BdZa4Rxq3W4%2FbQIC3jp8DKOPE42MndbfF17rWQmQXRJ%2FVC8PyMcDeDNnqxfMGZLJdzyKSXdAHB%2FXZhkm9w2EO65%2FI%2FVgZGSzhybU2IQQcCnaUnpYynQbDZFb4UD6vJILeJXe9t0uMyg1ge2ITqkB1XueyYQw5iYX3jvLng%3D%3D","entryPoint":"onWorkTaskAdded","runtime":"nodejs20","dockerRegistry":"ARTIFACT_REGISTRY","labels":{"deployment-tool":"cli-firebase","firebase-functions-hash":"9e4eb855464b6b6b4d9ace9d602c53da8653b3e0"},"eventTrigger":{"eventType":"providers/cloud.firestore/eventTypes/document.create","resource":"projects/project-chronos-2026/databases/(default)/documents/users/{userId}/work_tasks/{taskId}"},"minInstances":null,"maxInstances":null,"ingressSettings":null,"environmentVariables":{"FIREBASE_CONFIG":"{\"projectId\":\"project-chronos-2026\",\"storageBucket\":\"project-chronos-2026.firebasestorage.app\"}","GCLOUD_PROJECT":"project-chronos-2026","EVENTARC_CLOUD_EVENT_SOURCE":"projects/project-chronos-2026/locations/us-central1/functions/onWorkTaskAdded"},"serviceAccountEmail":null,"availableMemoryMb":null,"timeout":null,"vpcConnector":null,"vpcConnectorEgressSettings":null,"buildEnvironmentVariables":{"GOOGLE_NODE_RUN_SCRIPTS":""}}
[debug] [2026-06-16T09:28:00.211Z] <<< [apiv2][status] POST https://cloudfunctions.googleapis.com/v1/projects/project-chronos-2026/locations/us-central1/functions 200
[debug] [2026-06-16T09:28:00.213Z] <<< [apiv2][body] POST https://cloudfunctions.googleapis.com/v1/projects/project-chronos-2026/locations/us-central1/functions {"name":"operations/cHJvamVjdHMvcHJvamVjdC1jaHJvbm9zLTIwMjYvbG9jYXRpb25zL3VzLWNlbnRyYWwxL29wZXJhdGlvbnMvb3BlcmF0aW9uLTE3ODE2MDIwNzgxMTMtNjU0NWI4ZWZmNDA0Zi03ZWU3MGMzOS1lOTYyNGEzOQ","metadata":{"@type":"type.googleapis.com/google.cloud.functions.v1.OperationMetadataV1","target":"projects/project-chronos-2026/locations/us-central1/functions/onWorkTaskAdded","updateTime":"2026-06-16T09:28:00.110593205Z"}}
[debug] [2026-06-16T09:28:00.221Z] Checked if tokens are valid: true, expires at: 1781604503053
[debug] [2026-06-16T09:28:00.221Z] Checked if tokens are valid: true, expires at: 1781604503053
[debug] [2026-06-16T09:28:00.223Z] >>> [apiv2][query] GET https://cloudfunctions.googleapis.com/v1/operations/cHJvamVjdHMvcHJvamVjdC1jaHJvbm9zLTIwMjYvbG9jYXRpb25zL3VzLWNlbnRyYWwxL29wZXJhdGlvbnMvb3BlcmF0aW9uLTE3ODE2MDIwNzgxMTMtNjU0NWI4ZWZmNDA0Zi03ZWU3MGMzOS1lOTYyNGEzOQ [none]
[debug] [2026-06-16T09:28:00.541Z] <<< [apiv2][status] GET https://cloudfunctions.googleapis.com/v1/operations/cHJvamVjdHMvcHJvamVjdC1jaHJvbm9zLTIwMjYvbG9jYXRpb25zL3VzLWNlbnRyYWwxL29wZXJhdGlvbnMvb3BlcmF0aW9uLTE3ODE2MDIwNzgxMTMtNjU0NWI4ZWZmNDA0Zi03ZWU3MGMzOS1lOTYyNGEzOQ 200
[debug] [2026-06-16T09:28:00.543Z] <<< [apiv2][body] GET https://cloudfunctions.googleapis.com/v1/operations/cHJvamVjdHMvcHJvamVjdC1jaHJvbm9zLTIwMjYvbG9jYXRpb25zL3VzLWNlbnRyYWwxL29wZXJhdGlvbnMvb3BlcmF0aW9uLTE3ODE2MDIwNzgxMTMtNjU0NWI4ZWZmNDA0Zi03ZWU3MGMzOS1lOTYyNGEzOQ {"name":"operations/cHJvamVjdHMvcHJvamVjdC1jaHJvbm9zLTIwMjYvbG9jYXRpb25zL3VzLWNlbnRyYWwxL29wZXJhdGlvbnMvb3BlcmF0aW9uLTE3ODE2MDIwNzgxMTMtNjU0NWI4ZWZmNDA0Zi03ZWU3MGMzOS1lOTYyNGEzOQ","metadata":{"@type":"type.googleapis.com/google.cloud.functions.v1.OperationMetadataV1","target":"projects/project-chronos-2026/locations/us-central1/functions/onWorkTaskAdded","updateTime":"2026-06-16T09:28:00.110593205Z"}}
[debug] [2026-06-16T09:28:01.047Z] [create-default-us-central1-onWorkTaskAdded] Retrying task index 0
[debug] [2026-06-16T09:28:01.048Z] Checked if tokens are valid: true, expires at: 1781604503053
[debug] [2026-06-16T09:28:01.048Z] Checked if tokens are valid: true, expires at: 1781604503053
[debug] [2026-06-16T09:28:01.048Z] >>> [apiv2][query] GET https://cloudfunctions.googleapis.com/v1/operations/cHJvamVjdHMvcHJvamVjdC1jaHJvbm9zLTIwMjYvbG9jYXRpb25zL3VzLWNlbnRyYWwxL29wZXJhdGlvbnMvb3BlcmF0aW9uLTE3ODE2MDIwNzgxMTMtNjU0NWI4ZWZmNDA0Zi03ZWU3MGMzOS1lOTYyNGEzOQ [none]
[debug] [2026-06-16T09:28:01.322Z] <<< [apiv2][status] GET https://cloudfunctions.googleapis.com/v1/operations/cHJvamVjdHMvcHJvamVjdC1jaHJvbm9zLTIwMjYvbG9jYXRpb25zL3VzLWNlbnRyYWwxL29wZXJhdGlvbnMvb3BlcmF0aW9uLTE3ODE2MDIwNzgxMTMtNjU0NWI4ZWZmNDA0Zi03ZWU3MGMzOS1lOTYyNGEzOQ 200
[debug] [2026-06-16T09:28:01.323Z] <<< [apiv2][body] GET https://cloudfunctions.googleapis.com/v1/operations/cHJvamVjdHMvcHJvamVjdC1jaHJvbm9zLTIwMjYvbG9jYXRpb25zL3VzLWNlbnRyYWwxL29wZXJhdGlvbnMvb3BlcmF0aW9uLTE3ODE2MDIwNzgxMTMtNjU0NWI4ZWZmNDA0Zi03ZWU3MGMzOS1lOTYyNGEzOQ {"name":"operations/cHJvamVjdHMvcHJvamVjdC1jaHJvbm9zLTIwMjYvbG9jYXRpb25zL3VzLWNlbnRyYWwxL29wZXJhdGlvbnMvb3BlcmF0aW9uLTE3ODE2MDIwNzgxMTMtNjU0NWI4ZWZmNDA0Zi03ZWU3MGMzOS1lOTYyNGEzOQ","metadata":{"@type":"type.googleapis.com/google.cloud.functions.v1.OperationMetadataV1","target":"projects/project-chronos-2026/locations/us-central1/functions/onWorkTaskAdded","type":"CREATE_FUNCTION","request":{"@type":"type.googleapis.com/google.cloud.functions.v1.CloudFunction","name":"projects/project-chronos-2026/locations/us-central1/functions/onWorkTaskAdded","eventTrigger":{"eventType":"providers/cloud.firestore/eventTypes/document.create","resource":"projects/project-chronos-2026/databases/(default)/documents/users/{userId}/work_tasks/{taskId}","failurePolicy":{}},"entryPoint":"onWorkTaskAdded","updateTime":"1970-01-01T00:00:00Z","labels":{"deployment-tool":"cli-firebase","firebase-functions-hash":"9e4eb855464b6b6b4d9ace9d602c53da8653b3e0"},"sourceUploadUrl":"https://storage.googleapis.com/uploads-152531106823.us-central1.cloudfunctions.appspot.com/677f935c-9805-4071-8257-a6e70596f070.zip?GoogleAccessId=service-839998961406@gcf-admin-robot.iam.gserviceaccount.com&Expires=1781603876&Signature=bsrZPjwbmvTV5OL62FrtvsYiv1a3gbvKOBzV9DHKfhB2QMB2ow7g%2Fzi136dsgo2IljGIutPRSThKF8cuEESBZhmaqGCYLEnyvnYSgAKyVotrZXIBLosihjpFLCb3pC3wYO18kbVKmvDD7JRnD%2FvAs0pLo7SDGAYFR2moenLQj%2FdR98%2Bh%2BdZa4Rxq3W4%2FbQIC3jp8DKOPE42MndbfF17rWQmQXRJ%2FVC8PyMcDeDNnqxfMGZLJdzyKSXdAHB%2FXZhkm9w2EO65%2FI%2FVgZGSzhybU2IQQcCnaUnpYynQbDZFb4UD6vJILeJXe9t0uMyg1ge2ITqkB1XueyYQw5iYX3jvLng%3D%3D","environmentVariables":{"FIREBASE_CONFIG":"{\"projectId\":\"project-chronos-2026\",\"storageBucket\":\"project-chronos-2026.firebasestorage.app\"}","GCLOUD_PROJECT":"project-chronos-2026","EVENTARC_CLOUD_EVENT_SOURCE":"projects/project-chronos-2026/locations/us-central1/functions/onWorkTaskAdded"},"runtime":"nodejs20","buildEnvironmentVariables":{"GOOGLE_NODE_RUN_SCRIPTS":""},"dockerRegistry":"ARTIFACT_REGISTRY"},"updateTime":"2026-06-16T09:28:00.609892737Z"},"done":true,"error":{"code":9,"message":"Failed to create 1st Gen function projects/project-chronos-2026/locations/us-central1/functions/onWorkTaskAdded: Default service account '839998961406-compute@developer.gserviceaccount.com' doesn't exist. Please recreate this account or specify a different account. Please visit https://cloud.google.com/functions/docs/troubleshooting for in-depth troubleshooting documentation."}}
[debug] [2026-06-16T09:28:01.325Z] Got source token undefined for region us-central1
[debug] [2026-06-16T09:28:01.326Z] Checked if tokens are valid: true, expires at: 1781604503053
[debug] [2026-06-16T09:28:01.327Z] Checked if tokens are valid: true, expires at: 1781604503053
[debug] [2026-06-16T09:28:01.329Z] >>> [apiv2][query] POST https://cloudfunctions.googleapis.com/v1/projects/project-chronos-2026/locations/us-central1/functions [none]
[debug] [2026-06-16T09:28:01.331Z] >>> [apiv2][body] POST https://cloudfunctions.googleapis.com/v1/projects/project-chronos-2026/locations/us-central1/functions {"name":"projects/project-chronos-2026/locations/us-central1/functions/onPrivateAnchorAdded","sourceUploadUrl":"https://storage.googleapis.com/uploads-152531106823.us-central1.cloudfunctions.appspot.com/677f935c-9805-4071-8257-a6e70596f070.zip?GoogleAccessId=service-839998961406@gcf-admin-robot.iam.gserviceaccount.com&Expires=1781603876&Signature=bsrZPjwbmvTV5OL62FrtvsYiv1a3gbvKOBzV9DHKfhB2QMB2ow7g%2Fzi136dsgo2IljGIutPRSThKF8cuEESBZhmaqGCYLEnyvnYSgAKyVotrZXIBLosihjpFLCb3pC3wYO18kbVKmvDD7JRnD%2FvAs0pLo7SDGAYFR2moenLQj%2FdR98%2Bh%2BdZa4Rxq3W4%2FbQIC3jp8DKOPE42MndbfF17rWQmQXRJ%2FVC8PyMcDeDNnqxfMGZLJdzyKSXdAHB%2FXZhkm9w2EO65%2FI%2FVgZGSzhybU2IQQcCnaUnpYynQbDZFb4UD6vJILeJXe9t0uMyg1ge2ITqkB1XueyYQw5iYX3jvLng%3D%3D","entryPoint":"onPrivateAnchorAdded","runtime":"nodejs20","dockerRegistry":"ARTIFACT_REGISTRY","labels":{"deployment-tool":"cli-firebase","firebase-functions-hash":"9e4eb855464b6b6b4d9ace9d602c53da8653b3e0"},"eventTrigger":{"eventType":"providers/cloud.firestore/eventTypes/document.create","resource":"projects/project-chronos-2026/databases/(default)/documents/users/{userId}/private_anchors/{anchorId}"},"minInstances":null,"maxInstances":null,"ingressSettings":null,"environmentVariables":{"FIREBASE_CONFIG":"{\"projectId\":\"project-chronos-2026\",\"storageBucket\":\"project-chronos-2026.firebasestorage.app\"}","GCLOUD_PROJECT":"project-chronos-2026","EVENTARC_CLOUD_EVENT_SOURCE":"projects/project-chronos-2026/locations/us-central1/functions/onPrivateAnchorAdded"},"serviceAccountEmail":null,"availableMemoryMb":null,"timeout":null,"vpcConnector":null,"vpcConnectorEgressSettings":null,"buildEnvironmentVariables":{"GOOGLE_NODE_RUN_SCRIPTS":""}}
[error] Failed to create 1st Gen function projects/project-chronos-2026/locations/us-central1/functions/onWorkTaskAdded: Default service account '839998961406-compute@developer.gserviceaccount.com' doesn't exist. Please recreate this account or specify a different account. Please visit https://cloud.google.com/functions/docs/troubleshooting for in-depth troubleshooting documentation.
[debug] [2026-06-16T09:28:02.096Z] <<< [apiv2][status] POST https://cloudfunctions.googleapis.com/v1/projects/project-chronos-2026/locations/us-central1/functions 200
[debug] [2026-06-16T09:28:02.101Z] <<< [apiv2][body] POST https://cloudfunctions.googleapis.com/v1/projects/project-chronos-2026/locations/us-central1/functions {"name":"operations/cHJvamVjdHMvcHJvamVjdC1jaHJvbm9zLTIwMjYvbG9jYXRpb25zL3VzLWNlbnRyYWwxL29wZXJhdGlvbnMvb3BlcmF0aW9uLTE3ODE2MDIwODE1MTEtNjU0NWI4ZjMzMThkMS01MTkxZDJjMC04M2Q3NjFlYg","metadata":{"@type":"type.googleapis.com/google.cloud.functions.v1.OperationMetadataV1","target":"projects/project-chronos-2026/locations/us-central1/functions/onPrivateAnchorAdded","updateTime":"2026-06-16T09:28:01.958418291Z"}}
[debug] [2026-06-16T09:28:02.106Z] Checked if tokens are valid: true, expires at: 1781604503053
[debug] [2026-06-16T09:28:02.107Z] Checked if tokens are valid: true, expires at: 1781604503053
[debug] [2026-06-16T09:28:02.108Z] >>> [apiv2][query] GET https://cloudfunctions.googleapis.com/v1/operations/cHJvamVjdHMvcHJvamVjdC1jaHJvbm9zLTIwMjYvbG9jYXRpb25zL3VzLWNlbnRyYWwxL29wZXJhdGlvbnMvb3BlcmF0aW9uLTE3ODE2MDIwODE1MTEtNjU0NWI4ZjMzMThkMS01MTkxZDJjMC04M2Q3NjFlYg [none]
[debug] [2026-06-16T09:28:02.363Z] <<< [apiv2][status] GET https://cloudfunctions.googleapis.com/v1/operations/cHJvamVjdHMvcHJvamVjdC1jaHJvbm9zLTIwMjYvbG9jYXRpb25zL3VzLWNlbnRyYWwxL29wZXJhdGlvbnMvb3BlcmF0aW9uLTE3ODE2MDIwODE1MTEtNjU0NWI4ZjMzMThkMS01MTkxZDJjMC04M2Q3NjFlYg 200
[debug] [2026-06-16T09:28:02.365Z] <<< [apiv2][body] GET https://cloudfunctions.googleapis.com/v1/operations/cHJvamVjdHMvcHJvamVjdC1jaHJvbm9zLTIwMjYvbG9jYXRpb25zL3VzLWNlbnRyYWwxL29wZXJhdGlvbnMvb3BlcmF0aW9uLTE3ODE2MDIwODE1MTEtNjU0NWI4ZjMzMThkMS01MTkxZDJjMC04M2Q3NjFlYg {"name":"operations/cHJvamVjdHMvcHJvamVjdC1jaHJvbm9zLTIwMjYvbG9jYXRpb25zL3VzLWNlbnRyYWwxL29wZXJhdGlvbnMvb3BlcmF0aW9uLTE3ODE2MDIwODE1MTEtNjU0NWI4ZjMzMThkMS01MTkxZDJjMC04M2Q3NjFlYg","metadata":{"@type":"type.googleapis.com/google.cloud.functions.v1.OperationMetadataV1","target":"projects/project-chronos-2026/locations/us-central1/functions/onPrivateAnchorAdded","updateTime":"2026-06-16T09:28:01.958418291Z"}}
[debug] [2026-06-16T09:28:02.867Z] [create-default-us-central1-onPrivateAnchorAdded] Retrying task index 0
[debug] [2026-06-16T09:28:02.869Z] Checked if tokens are valid: true, expires at: 1781604503053
[debug] [2026-06-16T09:28:02.870Z] Checked if tokens are valid: true, expires at: 1781604503053
[debug] [2026-06-16T09:28:02.871Z] >>> [apiv2][query] GET https://cloudfunctions.googleapis.com/v1/operations/cHJvamVjdHMvcHJvamVjdC1jaHJvbm9zLTIwMjYvbG9jYXRpb25zL3VzLWNlbnRyYWwxL29wZXJhdGlvbnMvb3BlcmF0aW9uLTE3ODE2MDIwODE1MTEtNjU0NWI4ZjMzMThkMS01MTkxZDJjMC04M2Q3NjFlYg [none]
[debug] [2026-06-16T09:28:03.091Z] <<< [apiv2][status] GET https://cloudfunctions.googleapis.com/v1/operations/cHJvamVjdHMvcHJvamVjdC1jaHJvbm9zLTIwMjYvbG9jYXRpb25zL3VzLWNlbnRyYWwxL29wZXJhdGlvbnMvb3BlcmF0aW9uLTE3ODE2MDIwODE1MTEtNjU0NWI4ZjMzMThkMS01MTkxZDJjMC04M2Q3NjFlYg 200
[debug] [2026-06-16T09:28:03.091Z] <<< [apiv2][body] GET https://cloudfunctions.googleapis.com/v1/operations/cHJvamVjdHMvcHJvamVjdC1jaHJvbm9zLTIwMjYvbG9jYXRpb25zL3VzLWNlbnRyYWwxL29wZXJhdGlvbnMvb3BlcmF0aW9uLTE3ODE2MDIwODE1MTEtNjU0NWI4ZjMzMThkMS01MTkxZDJjMC04M2Q3NjFlYg {"name":"operations/cHJvamVjdHMvcHJvamVjdC1jaHJvbm9zLTIwMjYvbG9jYXRpb25zL3VzLWNlbnRyYWwxL29wZXJhdGlvbnMvb3BlcmF0aW9uLTE3ODE2MDIwODE1MTEtNjU0NWI4ZjMzMThkMS01MTkxZDJjMC04M2Q3NjFlYg","metadata":{"@type":"type.googleapis.com/google.cloud.functions.v1.OperationMetadataV1","target":"projects/project-chronos-2026/locations/us-central1/functions/onPrivateAnchorAdded","type":"CREATE_FUNCTION","request":{"@type":"type.googleapis.com/google.cloud.functions.v1.CloudFunction","name":"projects/project-chronos-2026/locations/us-central1/functions/onPrivateAnchorAdded","eventTrigger":{"eventType":"providers/cloud.firestore/eventTypes/document.create","resource":"projects/project-chronos-2026/databases/(default)/documents/users/{userId}/private_anchors/{anchorId}","failurePolicy":{}},"entryPoint":"onPrivateAnchorAdded","updateTime":"1970-01-01T00:00:00Z","labels":{"deployment-tool":"cli-firebase","firebase-functions-hash":"9e4eb855464b6b6b4d9ace9d602c53da8653b3e0"},"sourceUploadUrl":"https://storage.googleapis.com/uploads-152531106823.us-central1.cloudfunctions.appspot.com/677f935c-9805-4071-8257-a6e70596f070.zip?GoogleAccessId=service-839998961406@gcf-admin-robot.iam.gserviceaccount.com&Expires=1781603876&Signature=bsrZPjwbmvTV5OL62FrtvsYiv1a3gbvKOBzV9DHKfhB2QMB2ow7g%2Fzi136dsgo2IljGIutPRSThKF8cuEESBZhmaqGCYLEnyvnYSgAKyVotrZXIBLosihjpFLCb3pC3wYO18kbVKmvDD7JRnD%2FvAs0pLo7SDGAYFR2moenLQj%2FdR98%2Bh%2BdZa4Rxq3W4%2FbQIC3jp8DKOPE42MndbfF17rWQmQXRJ%2FVC8PyMcDeDNnqxfMGZLJdzyKSXdAHB%2FXZhkm9w2EO65%2FI%2FVgZGSzhybU2IQQcCnaUnpYynQbDZFb4UD6vJILeJXe9t0uMyg1ge2ITqkB1XueyYQw5iYX3jvLng%3D%3D","environmentVariables":{"FIREBASE_CONFIG":"{\"projectId\":\"project-chronos-2026\",\"storageBucket\":\"project-chronos-2026.firebasestorage.app\"}","GCLOUD_PROJECT":"project-chronos-2026","EVENTARC_CLOUD_EVENT_SOURCE":"projects/project-chronos-2026/locations/us-central1/functions/onPrivateAnchorAdded"},"runtime":"nodejs20","buildEnvironmentVariables":{"GOOGLE_NODE_RUN_SCRIPTS":""},"dockerRegistry":"ARTIFACT_REGISTRY"},"versionId":"1","updateTime":"2026-06-16T09:28:01.958418291Z"}}
[debug] [2026-06-16T09:28:04.093Z] [create-default-us-central1-onPrivateAnchorAdded] Retrying task index 0
[debug] [2026-06-16T09:28:04.094Z] Checked if tokens are valid: true, expires at: 1781604503053
[debug] [2026-06-16T09:28:04.094Z] Checked if tokens are valid: true, expires at: 1781604503053
[debug] [2026-06-16T09:28:04.094Z] >>> [apiv2][query] GET https://cloudfunctions.googleapis.com/v1/operations/cHJvamVjdHMvcHJvamVjdC1jaHJvbm9zLTIwMjYvbG9jYXRpb25zL3VzLWNlbnRyYWwxL29wZXJhdGlvbnMvb3BlcmF0aW9uLTE3ODE2MDIwODE1MTEtNjU0NWI4ZjMzMThkMS01MTkxZDJjMC04M2Q3NjFlYg [none]
[debug] [2026-06-16T09:28:04.366Z] <<< [apiv2][status] GET https://cloudfunctions.googleapis.com/v1/operations/cHJvamVjdHMvcHJvamVjdC1jaHJvbm9zLTIwMjYvbG9jYXRpb25zL3VzLWNlbnRyYWwxL29wZXJhdGlvbnMvb3BlcmF0aW9uLTE3ODE2MDIwODE1MTEtNjU0NWI4ZjMzMThkMS01MTkxZDJjMC04M2Q3NjFlYg 200
[debug] [2026-06-16T09:28:04.367Z] <<< [apiv2][body] GET https://cloudfunctions.googleapis.com/v1/operations/cHJvamVjdHMvcHJvamVjdC1jaHJvbm9zLTIwMjYvbG9jYXRpb25zL3VzLWNlbnRyYWwxL29wZXJhdGlvbnMvb3BlcmF0aW9uLTE3ODE2MDIwODE1MTEtNjU0NWI4ZjMzMThkMS01MTkxZDJjMC04M2Q3NjFlYg {"name":"operations/cHJvamVjdHMvcHJvamVjdC1jaHJvbm9zLTIwMjYvbG9jYXRpb25zL3VzLWNlbnRyYWwxL29wZXJhdGlvbnMvb3BlcmF0aW9uLTE3ODE2MDIwODE1MTEtNjU0NWI4ZjMzMThkMS01MTkxZDJjMC04M2Q3NjFlYg","metadata":{"@type":"type.googleapis.com/google.cloud.functions.v1.OperationMetadataV1","target":"projects/project-chronos-2026/locations/us-central1/functions/onPrivateAnchorAdded","type":"CREATE_FUNCTION","request":{"@type":"type.googleapis.com/google.cloud.functions.v1.CloudFunction","name":"projects/project-chronos-2026/locations/us-central1/functions/onPrivateAnchorAdded","eventTrigger":{"eventType":"providers/cloud.firestore/eventTypes/document.create","resource":"projects/project-chronos-2026/databases/(default)/documents/users/{userId}/private_anchors/{anchorId}","failurePolicy":{}},"entryPoint":"onPrivateAnchorAdded","updateTime":"1970-01-01T00:00:00Z","labels":{"deployment-tool":"cli-firebase","firebase-functions-hash":"9e4eb855464b6b6b4d9ace9d602c53da8653b3e0"},"sourceUploadUrl":"https://storage.googleapis.com/uploads-152531106823.us-central1.cloudfunctions.appspot.com/677f935c-9805-4071-8257-a6e70596f070.zip?GoogleAccessId=service-839998961406@gcf-admin-robot.iam.gserviceaccount.com&Expires=1781603876&Signature=bsrZPjwbmvTV5OL62FrtvsYiv1a3gbvKOBzV9DHKfhB2QMB2ow7g%2Fzi136dsgo2IljGIutPRSThKF8cuEESBZhmaqGCYLEnyvnYSgAKyVotrZXIBLosihjpFLCb3pC3wYO18kbVKmvDD7JRnD%2FvAs0pLo7SDGAYFR2moenLQj%2FdR98%2Bh%2BdZa4Rxq3W4%2FbQIC3jp8DKOPE42MndbfF17rWQmQXRJ%2FVC8PyMcDeDNnqxfMGZLJdzyKSXdAHB%2FXZhkm9w2EO65%2FI%2FVgZGSzhybU2IQQcCnaUnpYynQbDZFb4UD6vJILeJXe9t0uMyg1ge2ITqkB1XueyYQw5iYX3jvLng%3D%3D","environmentVariables":{"FIREBASE_CONFIG":"{\"projectId\":\"project-chronos-2026\",\"storageBucket\":\"project-chronos-2026.firebasestorage.app\"}","GCLOUD_PROJECT":"project-chronos-2026","EVENTARC_CLOUD_EVENT_SOURCE":"projects/project-chronos-2026/locations/us-central1/functions/onPrivateAnchorAdded"},"runtime":"nodejs20","buildEnvironmentVariables":{"GOOGLE_NODE_RUN_SCRIPTS":""},"dockerRegistry":"ARTIFACT_REGISTRY"},"versionId":"1","updateTime":"2026-06-16T09:28:01.958418291Z"}}
[debug] [2026-06-16T09:28:06.371Z] [create-default-us-central1-onPrivateAnchorAdded] Retrying task index 0
[debug] [2026-06-16T09:28:06.380Z] Checked if tokens are valid: true, expires at: 1781604503053
[debug] [2026-06-16T09:28:06.382Z] Checked if tokens are valid: true, expires at: 1781604503053
[debug] [2026-06-16T09:28:06.384Z] >>> [apiv2][query] GET https://cloudfunctions.googleapis.com/v1/operations/cHJvamVjdHMvcHJvamVjdC1jaHJvbm9zLTIwMjYvbG9jYXRpb25zL3VzLWNlbnRyYWwxL29wZXJhdGlvbnMvb3BlcmF0aW9uLTE3ODE2MDIwODE1MTEtNjU0NWI4ZjMzMThkMS01MTkxZDJjMC04M2Q3NjFlYg [none]
[debug] [2026-06-16T09:28:06.656Z] <<< [apiv2][status] GET https://cloudfunctions.googleapis.com/v1/operations/cHJvamVjdHMvcHJvamVjdC1jaHJvbm9zLTIwMjYvbG9jYXRpb25zL3VzLWNlbnRyYWwxL29wZXJhdGlvbnMvb3BlcmF0aW9uLTE3ODE2MDIwODE1MTEtNjU0NWI4ZjMzMThkMS01MTkxZDJjMC04M2Q3NjFlYg 200
[debug] [2026-06-16T09:28:06.657Z] <<< [apiv2][body] GET https://cloudfunctions.googleapis.com/v1/operations/cHJvamVjdHMvcHJvamVjdC1jaHJvbm9zLTIwMjYvbG9jYXRpb25zL3VzLWNlbnRyYWwxL29wZXJhdGlvbnMvb3BlcmF0aW9uLTE3ODE2MDIwODE1MTEtNjU0NWI4ZjMzMThkMS01MTkxZDJjMC04M2Q3NjFlYg {"name":"operations/cHJvamVjdHMvcHJvamVjdC1jaHJvbm9zLTIwMjYvbG9jYXRpb25zL3VzLWNlbnRyYWwxL29wZXJhdGlvbnMvb3BlcmF0aW9uLTE3ODE2MDIwODE1MTEtNjU0NWI4ZjMzMThkMS01MTkxZDJjMC04M2Q3NjFlYg","metadata":{"@type":"type.googleapis.com/google.cloud.functions.v1.OperationMetadataV1","target":"projects/project-chronos-2026/locations/us-central1/functions/onPrivateAnchorAdded","type":"CREATE_FUNCTION","request":{"@type":"type.googleapis.com/google.cloud.functions.v1.CloudFunction","name":"projects/project-chronos-2026/locations/us-central1/functions/onPrivateAnchorAdded","eventTrigger":{"eventType":"providers/cloud.firestore/eventTypes/document.create","resource":"projects/project-chronos-2026/databases/(default)/documents/users/{userId}/private_anchors/{anchorId}","failurePolicy":{}},"entryPoint":"onPrivateAnchorAdded","updateTime":"1970-01-01T00:00:00Z","labels":{"deployment-tool":"cli-firebase","firebase-functions-hash":"9e4eb855464b6b6b4d9ace9d602c53da8653b3e0"},"sourceUploadUrl":"https://storage.googleapis.com/uploads-152531106823.us-central1.cloudfunctions.appspot.com/677f935c-9805-4071-8257-a6e70596f070.zip?GoogleAccessId=service-839998961406@gcf-admin-robot.iam.gserviceaccount.com&Expires=1781603876&Signature=bsrZPjwbmvTV5OL62FrtvsYiv1a3gbvKOBzV9DHKfhB2QMB2ow7g%2Fzi136dsgo2IljGIutPRSThKF8cuEESBZhmaqGCYLEnyvnYSgAKyVotrZXIBLosihjpFLCb3pC3wYO18kbVKmvDD7JRnD%2FvAs0pLo7SDGAYFR2moenLQj%2FdR98%2Bh%2BdZa4Rxq3W4%2FbQIC3jp8DKOPE42MndbfF17rWQmQXRJ%2FVC8PyMcDeDNnqxfMGZLJdzyKSXdAHB%2FXZhkm9w2EO65%2FI%2FVgZGSzhybU2IQQcCnaUnpYynQbDZFb4UD6vJILeJXe9t0uMyg1ge2ITqkB1XueyYQw5iYX3jvLng%3D%3D","environmentVariables":{"FIREBASE_CONFIG":"{\"projectId\":\"project-chronos-2026\",\"storageBucket\":\"project-chronos-2026.firebasestorage.app\"}","GCLOUD_PROJECT":"project-chronos-2026","EVENTARC_CLOUD_EVENT_SOURCE":"projects/project-chronos-2026/locations/us-central1/functions/onPrivateAnchorAdded"},"runtime":"nodejs20","buildEnvironmentVariables":{"GOOGLE_NODE_RUN_SCRIPTS":""},"dockerRegistry":"ARTIFACT_REGISTRY"},"versionId":"1","updateTime":"2026-06-16T09:28:01.958418291Z"}}
[debug] [2026-06-16T09:28:10.659Z] [create-default-us-central1-onPrivateAnchorAdded] Retrying task index 0
[debug] [2026-06-16T09:28:10.663Z] Checked if tokens are valid: true, expires at: 1781604503053
[debug] [2026-06-16T09:28:10.665Z] Checked if tokens are valid: true, expires at: 1781604503053
[debug] [2026-06-16T09:28:10.667Z] >>> [apiv2][query] GET https://cloudfunctions.googleapis.com/v1/operations/cHJvamVjdHMvcHJvamVjdC1jaHJvbm9zLTIwMjYvbG9jYXRpb25zL3VzLWNlbnRyYWwxL29wZXJhdGlvbnMvb3BlcmF0aW9uLTE3ODE2MDIwODE1MTEtNjU0NWI4ZjMzMThkMS01MTkxZDJjMC04M2Q3NjFlYg [none]
[debug] [2026-06-16T09:28:10.888Z] <<< [apiv2][status] GET https://cloudfunctions.googleapis.com/v1/operations/cHJvamVjdHMvcHJvamVjdC1jaHJvbm9zLTIwMjYvbG9jYXRpb25zL3VzLWNlbnRyYWwxL29wZXJhdGlvbnMvb3BlcmF0aW9uLTE3ODE2MDIwODE1MTEtNjU0NWI4ZjMzMThkMS01MTkxZDJjMC04M2Q3NjFlYg 200
[debug] [2026-06-16T09:28:10.890Z] <<< [apiv2][body] GET https://cloudfunctions.googleapis.com/v1/operations/cHJvamVjdHMvcHJvamVjdC1jaHJvbm9zLTIwMjYvbG9jYXRpb25zL3VzLWNlbnRyYWwxL29wZXJhdGlvbnMvb3BlcmF0aW9uLTE3ODE2MDIwODE1MTEtNjU0NWI4ZjMzMThkMS01MTkxZDJjMC04M2Q3NjFlYg {"name":"operations/cHJvamVjdHMvcHJvamVjdC1jaHJvbm9zLTIwMjYvbG9jYXRpb25zL3VzLWNlbnRyYWwxL29wZXJhdGlvbnMvb3BlcmF0aW9uLTE3ODE2MDIwODE1MTEtNjU0NWI4ZjMzMThkMS01MTkxZDJjMC04M2Q3NjFlYg","metadata":{"@type":"type.googleapis.com/google.cloud.functions.v1.OperationMetadataV1","target":"projects/project-chronos-2026/locations/us-central1/functions/onPrivateAnchorAdded","type":"CREATE_FUNCTION","request":{"@type":"type.googleapis.com/google.cloud.functions.v1.CloudFunction","name":"projects/project-chronos-2026/locations/us-central1/functions/onPrivateAnchorAdded","eventTrigger":{"eventType":"providers/cloud.firestore/eventTypes/document.create","resource":"projects/project-chronos-2026/databases/(default)/documents/users/{userId}/private_anchors/{anchorId}","failurePolicy":{}},"entryPoint":"onPrivateAnchorAdded","updateTime":"1970-01-01T00:00:00Z","labels":{"deployment-tool":"cli-firebase","firebase-functions-hash":"9e4eb855464b6b6b4d9ace9d602c53da8653b3e0"},"sourceUploadUrl":"https://storage.googleapis.com/uploads-152531106823.us-central1.cloudfunctions.appspot.com/677f935c-9805-4071-8257-a6e70596f070.zip?GoogleAccessId=service-839998961406@gcf-admin-robot.iam.gserviceaccount.com&Expires=1781603876&Signature=bsrZPjwbmvTV5OL62FrtvsYiv1a3gbvKOBzV9DHKfhB2QMB2ow7g%2Fzi136dsgo2IljGIutPRSThKF8cuEESBZhmaqGCYLEnyvnYSgAKyVotrZXIBLosihjpFLCb3pC3wYO18kbVKmvDD7JRnD%2FvAs0pLo7SDGAYFR2moenLQj%2FdR98%2Bh%2BdZa4Rxq3W4%2FbQIC3jp8DKOPE42MndbfF17rWQmQXRJ%2FVC8PyMcDeDNnqxfMGZLJdzyKSXdAHB%2FXZhkm9w2EO65%2FI%2FVgZGSzhybU2IQQcCnaUnpYynQbDZFb4UD6vJILeJXe9t0uMyg1ge2ITqkB1XueyYQw5iYX3jvLng%3D%3D","environmentVariables":{"FIREBASE_CONFIG":"{\"projectId\":\"project-chronos-2026\",\"storageBucket\":\"project-chronos-2026.firebasestorage.app\"}","GCLOUD_PROJECT":"project-chronos-2026","EVENTARC_CLOUD_EVENT_SOURCE":"projects/project-chronos-2026/locations/us-central1/functions/onPrivateAnchorAdded"},"runtime":"nodejs20","buildEnvironmentVariables":{"GOOGLE_NODE_RUN_SCRIPTS":""},"dockerRegistry":"ARTIFACT_REGISTRY"},"versionId":"1","updateTime":"2026-06-16T09:28:01.958418291Z"}}
[debug] [2026-06-16T09:28:18.894Z] [create-default-us-central1-onPrivateAnchorAdded] Retrying task index 0
[debug] [2026-06-16T09:28:18.896Z] Checked if tokens are valid: true, expires at: 1781604503053
[debug] [2026-06-16T09:28:18.897Z] Checked if tokens are valid: true, expires at: 1781604503053
[debug] [2026-06-16T09:28:18.898Z] >>> [apiv2][query] GET https://cloudfunctions.googleapis.com/v1/operations/cHJvamVjdHMvcHJvamVjdC1jaHJvbm9zLTIwMjYvbG9jYXRpb25zL3VzLWNlbnRyYWwxL29wZXJhdGlvbnMvb3BlcmF0aW9uLTE3ODE2MDIwODE1MTEtNjU0NWI4ZjMzMThkMS01MTkxZDJjMC04M2Q3NjFlYg [none]
[debug] [2026-06-16T09:28:19.340Z] <<< [apiv2][status] GET https://cloudfunctions.googleapis.com/v1/operations/cHJvamVjdHMvcHJvamVjdC1jaHJvbm9zLTIwMjYvbG9jYXRpb25zL3VzLWNlbnRyYWwxL29wZXJhdGlvbnMvb3BlcmF0aW9uLTE3ODE2MDIwODE1MTEtNjU0NWI4ZjMzMThkMS01MTkxZDJjMC04M2Q3NjFlYg 200
[debug] [2026-06-16T09:28:19.341Z] <<< [apiv2][body] GET https://cloudfunctions.googleapis.com/v1/operations/cHJvamVjdHMvcHJvamVjdC1jaHJvbm9zLTIwMjYvbG9jYXRpb25zL3VzLWNlbnRyYWwxL29wZXJhdGlvbnMvb3BlcmF0aW9uLTE3ODE2MDIwODE1MTEtNjU0NWI4ZjMzMThkMS01MTkxZDJjMC04M2Q3NjFlYg {"name":"operations/cHJvamVjdHMvcHJvamVjdC1jaHJvbm9zLTIwMjYvbG9jYXRpb25zL3VzLWNlbnRyYWwxL29wZXJhdGlvbnMvb3BlcmF0aW9uLTE3ODE2MDIwODE1MTEtNjU0NWI4ZjMzMThkMS01MTkxZDJjMC04M2Q3NjFlYg","metadata":{"@type":"type.googleapis.com/google.cloud.functions.v1.OperationMetadataV1","target":"projects/project-chronos-2026/locations/us-central1/functions/onPrivateAnchorAdded","type":"CREATE_FUNCTION","request":{"@type":"type.googleapis.com/google.cloud.functions.v1.CloudFunction","name":"projects/project-chronos-2026/locations/us-central1/functions/onPrivateAnchorAdded","eventTrigger":{"eventType":"providers/cloud.firestore/eventTypes/document.create","resource":"projects/project-chronos-2026/databases/(default)/documents/users/{userId}/private_anchors/{anchorId}","failurePolicy":{}},"entryPoint":"onPrivateAnchorAdded","updateTime":"1970-01-01T00:00:00Z","labels":{"deployment-tool":"cli-firebase","firebase-functions-hash":"9e4eb855464b6b6b4d9ace9d602c53da8653b3e0"},"sourceUploadUrl":"https://storage.googleapis.com/uploads-152531106823.us-central1.cloudfunctions.appspot.com/677f935c-9805-4071-8257-a6e70596f070.zip?GoogleAccessId=service-839998961406@gcf-admin-robot.iam.gserviceaccount.com&Expires=1781603876&Signature=bsrZPjwbmvTV5OL62FrtvsYiv1a3gbvKOBzV9DHKfhB2QMB2ow7g%2Fzi136dsgo2IljGIutPRSThKF8cuEESBZhmaqGCYLEnyvnYSgAKyVotrZXIBLosihjpFLCb3pC3wYO18kbVKmvDD7JRnD%2FvAs0pLo7SDGAYFR2moenLQj%2FdR98%2Bh%2BdZa4Rxq3W4%2FbQIC3jp8DKOPE42MndbfF17rWQmQXRJ%2FVC8PyMcDeDNnqxfMGZLJdzyKSXdAHB%2FXZhkm9w2EO65%2FI%2FVgZGSzhybU2IQQcCnaUnpYynQbDZFb4UD6vJILeJXe9t0uMyg1ge2ITqkB1XueyYQw5iYX3jvLng%3D%3D","environmentVariables":{"FIREBASE_CONFIG":"{\"projectId\":\"project-chronos-2026\",\"storageBucket\":\"project-chronos-2026.firebasestorage.app\"}","GCLOUD_PROJECT":"project-chronos-2026","EVENTARC_CLOUD_EVENT_SOURCE":"projects/project-chronos-2026/locations/us-central1/functions/onPrivateAnchorAdded"},"runtime":"nodejs20","buildEnvironmentVariables":{"GOOGLE_NODE_RUN_SCRIPTS":""},"dockerRegistry":"ARTIFACT_REGISTRY"},"versionId":"1","updateTime":"2026-06-16T09:28:01.958418291Z"}}
[debug] [2026-06-16T09:28:29.344Z] [create-default-us-central1-onPrivateAnchorAdded] Retrying task index 0
[debug] [2026-06-16T09:28:29.348Z] Checked if tokens are valid: true, expires at: 1781604503053
[debug] [2026-06-16T09:28:29.350Z] Checked if tokens are valid: true, expires at: 1781604503053
[debug] [2026-06-16T09:28:29.353Z] >>> [apiv2][query] GET https://cloudfunctions.googleapis.com/v1/operations/cHJvamVjdHMvcHJvamVjdC1jaHJvbm9zLTIwMjYvbG9jYXRpb25zL3VzLWNlbnRyYWwxL29wZXJhdGlvbnMvb3BlcmF0aW9uLTE3ODE2MDIwODE1MTEtNjU0NWI4ZjMzMThkMS01MTkxZDJjMC04M2Q3NjFlYg [none]
[debug] [2026-06-16T09:28:29.815Z] <<< [apiv2][status] GET https://cloudfunctions.googleapis.com/v1/operations/cHJvamVjdHMvcHJvamVjdC1jaHJvbm9zLTIwMjYvbG9jYXRpb25zL3VzLWNlbnRyYWwxL29wZXJhdGlvbnMvb3BlcmF0aW9uLTE3ODE2MDIwODE1MTEtNjU0NWI4ZjMzMThkMS01MTkxZDJjMC04M2Q3NjFlYg 200
[debug] [2026-06-16T09:28:29.817Z] <<< [apiv2][body] GET https://cloudfunctions.googleapis.com/v1/operations/cHJvamVjdHMvcHJvamVjdC1jaHJvbm9zLTIwMjYvbG9jYXRpb25zL3VzLWNlbnRyYWwxL29wZXJhdGlvbnMvb3BlcmF0aW9uLTE3ODE2MDIwODE1MTEtNjU0NWI4ZjMzMThkMS01MTkxZDJjMC04M2Q3NjFlYg {"name":"operations/cHJvamVjdHMvcHJvamVjdC1jaHJvbm9zLTIwMjYvbG9jYXRpb25zL3VzLWNlbnRyYWwxL29wZXJhdGlvbnMvb3BlcmF0aW9uLTE3ODE2MDIwODE1MTEtNjU0NWI4ZjMzMThkMS01MTkxZDJjMC04M2Q3NjFlYg","metadata":{"@type":"type.googleapis.com/google.cloud.functions.v1.OperationMetadataV1","target":"projects/project-chronos-2026/locations/us-central1/functions/onPrivateAnchorAdded","type":"CREATE_FUNCTION","request":{"@type":"type.googleapis.com/google.cloud.functions.v1.CloudFunction","name":"projects/project-chronos-2026/locations/us-central1/functions/onPrivateAnchorAdded","eventTrigger":{"eventType":"providers/cloud.firestore/eventTypes/document.create","resource":"projects/project-chronos-2026/databases/(default)/documents/users/{userId}/private_anchors/{anchorId}","failurePolicy":{}},"entryPoint":"onPrivateAnchorAdded","updateTime":"1970-01-01T00:00:00Z","labels":{"deployment-tool":"cli-firebase","firebase-functions-hash":"9e4eb855464b6b6b4d9ace9d602c53da8653b3e0"},"sourceUploadUrl":"https://storage.googleapis.com/uploads-152531106823.us-central1.cloudfunctions.appspot.com/677f935c-9805-4071-8257-a6e70596f070.zip?GoogleAccessId=service-839998961406@gcf-admin-robot.iam.gserviceaccount.com&Expires=1781603876&Signature=bsrZPjwbmvTV5OL62FrtvsYiv1a3gbvKOBzV9DHKfhB2QMB2ow7g%2Fzi136dsgo2IljGIutPRSThKF8cuEESBZhmaqGCYLEnyvnYSgAKyVotrZXIBLosihjpFLCb3pC3wYO18kbVKmvDD7JRnD%2FvAs0pLo7SDGAYFR2moenLQj%2FdR98%2Bh%2BdZa4Rxq3W4%2FbQIC3jp8DKOPE42MndbfF17rWQmQXRJ%2FVC8PyMcDeDNnqxfMGZLJdzyKSXdAHB%2FXZhkm9w2EO65%2FI%2FVgZGSzhybU2IQQcCnaUnpYynQbDZFb4UD6vJILeJXe9t0uMyg1ge2ITqkB1XueyYQw5iYX3jvLng%3D%3D","environmentVariables":{"FIREBASE_CONFIG":"{\"projectId\":\"project-chronos-2026\",\"storageBucket\":\"project-chronos-2026.firebasestorage.app\"}","GCLOUD_PROJECT":"project-chronos-2026","EVENTARC_CLOUD_EVENT_SOURCE":"projects/project-chronos-2026/locations/us-central1/functions/onPrivateAnchorAdded"},"runtime":"nodejs20","buildEnvironmentVariables":{"GOOGLE_NODE_RUN_SCRIPTS":""},"dockerRegistry":"ARTIFACT_REGISTRY"},"versionId":"1","updateTime":"2026-06-16T09:28:01.958418291Z","buildId":"a5dd63d3-3871-4e5d-9bbd-e4809bd9719d","buildName":"projects/839998961406/locations/us-central1/builds/a5dd63d3-3871-4e5d-9bbd-e4809bd9719d"}}
[debug] [2026-06-16T09:28:39.825Z] [create-default-us-central1-onPrivateAnchorAdded] Retrying task index 0
[debug] [2026-06-16T09:28:39.828Z] Checked if tokens are valid: true, expires at: 1781604503053
[debug] [2026-06-16T09:28:39.829Z] Checked if tokens are valid: true, expires at: 1781604503053
[debug] [2026-06-16T09:28:39.831Z] >>> [apiv2][query] GET https://cloudfunctions.googleapis.com/v1/operations/cHJvamVjdHMvcHJvamVjdC1jaHJvbm9zLTIwMjYvbG9jYXRpb25zL3VzLWNlbnRyYWwxL29wZXJhdGlvbnMvb3BlcmF0aW9uLTE3ODE2MDIwODE1MTEtNjU0NWI4ZjMzMThkMS01MTkxZDJjMC04M2Q3NjFlYg [none]
[debug] [2026-06-16T09:28:40.304Z] <<< [apiv2][status] GET https://cloudfunctions.googleapis.com/v1/operations/cHJvamVjdHMvcHJvamVjdC1jaHJvbm9zLTIwMjYvbG9jYXRpb25zL3VzLWNlbnRyYWwxL29wZXJhdGlvbnMvb3BlcmF0aW9uLTE3ODE2MDIwODE1MTEtNjU0NWI4ZjMzMThkMS01MTkxZDJjMC04M2Q3NjFlYg 200
[debug] [2026-06-16T09:28:40.306Z] <<< [apiv2][body] GET https://cloudfunctions.googleapis.com/v1/operations/cHJvamVjdHMvcHJvamVjdC1jaHJvbm9zLTIwMjYvbG9jYXRpb25zL3VzLWNlbnRyYWwxL29wZXJhdGlvbnMvb3BlcmF0aW9uLTE3ODE2MDIwODE1MTEtNjU0NWI4ZjMzMThkMS01MTkxZDJjMC04M2Q3NjFlYg {"name":"operations/cHJvamVjdHMvcHJvamVjdC1jaHJvbm9zLTIwMjYvbG9jYXRpb25zL3VzLWNlbnRyYWwxL29wZXJhdGlvbnMvb3BlcmF0aW9uLTE3ODE2MDIwODE1MTEtNjU0NWI4ZjMzMThkMS01MTkxZDJjMC04M2Q3NjFlYg","metadata":{"@type":"type.googleapis.com/google.cloud.functions.v1.OperationMetadataV1","target":"projects/project-chronos-2026/locations/us-central1/functions/onPrivateAnchorAdded","type":"CREATE_FUNCTION","request":{"@type":"type.googleapis.com/google.cloud.functions.v1.CloudFunction","name":"projects/project-chronos-2026/locations/us-central1/functions/onPrivateAnchorAdded","eventTrigger":{"eventType":"providers/cloud.firestore/eventTypes/document.create","resource":"projects/project-chronos-2026/databases/(default)/documents/users/{userId}/private_anchors/{anchorId}","failurePolicy":{}},"entryPoint":"onPrivateAnchorAdded","updateTime":"1970-01-01T00:00:00Z","labels":{"deployment-tool":"cli-firebase","firebase-functions-hash":"9e4eb855464b6b6b4d9ace9d602c53da8653b3e0"},"sourceUploadUrl":"https://storage.googleapis.com/uploads-152531106823.us-central1.cloudfunctions.appspot.com/677f935c-9805-4071-8257-a6e70596f070.zip?GoogleAccessId=service-839998961406@gcf-admin-robot.iam.gserviceaccount.com&Expires=1781603876&Signature=bsrZPjwbmvTV5OL62FrtvsYiv1a3gbvKOBzV9DHKfhB2QMB2ow7g%2Fzi136dsgo2IljGIutPRSThKF8cuEESBZhmaqGCYLEnyvnYSgAKyVotrZXIBLosihjpFLCb3pC3wYO18kbVKmvDD7JRnD%2FvAs0pLo7SDGAYFR2moenLQj%2FdR98%2Bh%2BdZa4Rxq3W4%2FbQIC3jp8DKOPE42MndbfF17rWQmQXRJ%2FVC8PyMcDeDNnqxfMGZLJdzyKSXdAHB%2FXZhkm9w2EO65%2FI%2FVgZGSzhybU2IQQcCnaUnpYynQbDZFb4UD6vJILeJXe9t0uMyg1ge2ITqkB1XueyYQw5iYX3jvLng%3D%3D","environmentVariables":{"FIREBASE_CONFIG":"{\"projectId\":\"project-chronos-2026\",\"storageBucket\":\"project-chronos-2026.firebasestorage.app\"}","GCLOUD_PROJECT":"project-chronos-2026","EVENTARC_CLOUD_EVENT_SOURCE":"projects/project-chronos-2026/locations/us-central1/functions/onPrivateAnchorAdded"},"runtime":"nodejs20","buildEnvironmentVariables":{"GOOGLE_NODE_RUN_SCRIPTS":""},"dockerRegistry":"ARTIFACT_REGISTRY"},"versionId":"1","updateTime":"2026-06-16T09:28:01.958418291Z","buildId":"a5dd63d3-3871-4e5d-9bbd-e4809bd9719d","buildName":"projects/839998961406/locations/us-central1/builds/a5dd63d3-3871-4e5d-9bbd-e4809bd9719d"}}
[debug] [2026-06-16T09:28:50.317Z] [create-default-us-central1-onPrivateAnchorAdded] Retrying task index 0
[debug] [2026-06-16T09:28:50.320Z] Checked if tokens are valid: true, expires at: 1781604503053
[debug] [2026-06-16T09:28:50.322Z] Checked if tokens are valid: true, expires at: 1781604503053
[debug] [2026-06-16T09:28:50.326Z] >>> [apiv2][query] GET https://cloudfunctions.googleapis.com/v1/operations/cHJvamVjdHMvcHJvamVjdC1jaHJvbm9zLTIwMjYvbG9jYXRpb25zL3VzLWNlbnRyYWwxL29wZXJhdGlvbnMvb3BlcmF0aW9uLTE3ODE2MDIwODE1MTEtNjU0NWI4ZjMzMThkMS01MTkxZDJjMC04M2Q3NjFlYg [none]
[debug] [2026-06-16T09:28:50.839Z] <<< [apiv2][status] GET https://cloudfunctions.googleapis.com/v1/operations/cHJvamVjdHMvcHJvamVjdC1jaHJvbm9zLTIwMjYvbG9jYXRpb25zL3VzLWNlbnRyYWwxL29wZXJhdGlvbnMvb3BlcmF0aW9uLTE3ODE2MDIwODE1MTEtNjU0NWI4ZjMzMThkMS01MTkxZDJjMC04M2Q3NjFlYg 200
[debug] [2026-06-16T09:28:50.850Z] <<< [apiv2][body] GET https://cloudfunctions.googleapis.com/v1/operations/cHJvamVjdHMvcHJvamVjdC1jaHJvbm9zLTIwMjYvbG9jYXRpb25zL3VzLWNlbnRyYWwxL29wZXJhdGlvbnMvb3BlcmF0aW9uLTE3ODE2MDIwODE1MTEtNjU0NWI4ZjMzMThkMS01MTkxZDJjMC04M2Q3NjFlYg {"name":"operations/cHJvamVjdHMvcHJvamVjdC1jaHJvbm9zLTIwMjYvbG9jYXRpb25zL3VzLWNlbnRyYWwxL29wZXJhdGlvbnMvb3BlcmF0aW9uLTE3ODE2MDIwODE1MTEtNjU0NWI4ZjMzMThkMS01MTkxZDJjMC04M2Q3NjFlYg","metadata":{"@type":"type.googleapis.com/google.cloud.functions.v1.OperationMetadataV1","target":"projects/project-chronos-2026/locations/us-central1/functions/onPrivateAnchorAdded","type":"CREATE_FUNCTION","request":{"@type":"type.googleapis.com/google.cloud.functions.v1.CloudFunction","name":"projects/project-chronos-2026/locations/us-central1/functions/onPrivateAnchorAdded","eventTrigger":{"eventType":"providers/cloud.firestore/eventTypes/document.create","resource":"projects/project-chronos-2026/databases/(default)/documents/users/{userId}/private_anchors/{anchorId}","failurePolicy":{}},"entryPoint":"onPrivateAnchorAdded","updateTime":"1970-01-01T00:00:00Z","labels":{"deployment-tool":"cli-firebase","firebase-functions-hash":"9e4eb855464b6b6b4d9ace9d602c53da8653b3e0"},"sourceUploadUrl":"https://storage.googleapis.com/uploads-152531106823.us-central1.cloudfunctions.appspot.com/677f935c-9805-4071-8257-a6e70596f070.zip?GoogleAccessId=service-839998961406@gcf-admin-robot.iam.gserviceaccount.com&Expires=1781603876&Signature=bsrZPjwbmvTV5OL62FrtvsYiv1a3gbvKOBzV9DHKfhB2QMB2ow7g%2Fzi136dsgo2IljGIutPRSThKF8cuEESBZhmaqGCYLEnyvnYSgAKyVotrZXIBLosihjpFLCb3pC3wYO18kbVKmvDD7JRnD%2FvAs0pLo7SDGAYFR2moenLQj%2FdR98%2Bh%2BdZa4Rxq3W4%2FbQIC3jp8DKOPE42MndbfF17rWQmQXRJ%2FVC8PyMcDeDNnqxfMGZLJdzyKSXdAHB%2FXZhkm9w2EO65%2FI%2FVgZGSzhybU2IQQcCnaUnpYynQbDZFb4UD6vJILeJXe9t0uMyg1ge2ITqkB1XueyYQw5iYX3jvLng%3D%3D","environmentVariables":{"FIREBASE_CONFIG":"{\"projectId\":\"project-chronos-2026\",\"storageBucket\":\"project-chronos-2026.firebasestorage.app\"}","GCLOUD_PROJECT":"project-chronos-2026","EVENTARC_CLOUD_EVENT_SOURCE":"projects/project-chronos-2026/locations/us-central1/functions/onPrivateAnchorAdded"},"runtime":"nodejs20","buildEnvironmentVariables":{"GOOGLE_NODE_RUN_SCRIPTS":""},"dockerRegistry":"ARTIFACT_REGISTRY"},"versionId":"1","updateTime":"2026-06-16T09:28:01.958418291Z","buildId":"a5dd63d3-3871-4e5d-9bbd-e4809bd9719d","buildName":"projects/839998961406/locations/us-central1/builds/a5dd63d3-3871-4e5d-9bbd-e4809bd9719d"}}
[debug] [2026-06-16T09:29:00.944Z] [create-default-us-central1-onPrivateAnchorAdded] Retrying task index 0
[debug] [2026-06-16T09:29:00.959Z] Checked if tokens are valid: true, expires at: 1781604503053
[debug] [2026-06-16T09:29:00.960Z] Checked if tokens are valid: true, expires at: 1781604503053
[debug] [2026-06-16T09:29:00.960Z] >>> [apiv2][query] GET https://cloudfunctions.googleapis.com/v1/operations/cHJvamVjdHMvcHJvamVjdC1jaHJvbm9zLTIwMjYvbG9jYXRpb25zL3VzLWNlbnRyYWwxL29wZXJhdGlvbnMvb3BlcmF0aW9uLTE3ODE2MDIwODE1MTEtNjU0NWI4ZjMzMThkMS01MTkxZDJjMC04M2Q3NjFlYg [none]
[debug] [2026-06-16T09:29:01.529Z] <<< [apiv2][status] GET https://cloudfunctions.googleapis.com/v1/operations/cHJvamVjdHMvcHJvamVjdC1jaHJvbm9zLTIwMjYvbG9jYXRpb25zL3VzLWNlbnRyYWwxL29wZXJhdGlvbnMvb3BlcmF0aW9uLTE3ODE2MDIwODE1MTEtNjU0NWI4ZjMzMThkMS01MTkxZDJjMC04M2Q3NjFlYg 200
[debug] [2026-06-16T09:29:01.530Z] <<< [apiv2][body] GET https://cloudfunctions.googleapis.com/v1/operations/cHJvamVjdHMvcHJvamVjdC1jaHJvbm9zLTIwMjYvbG9jYXRpb25zL3VzLWNlbnRyYWwxL29wZXJhdGlvbnMvb3BlcmF0aW9uLTE3ODE2MDIwODE1MTEtNjU0NWI4ZjMzMThkMS01MTkxZDJjMC04M2Q3NjFlYg {"name":"operations/cHJvamVjdHMvcHJvamVjdC1jaHJvbm9zLTIwMjYvbG9jYXRpb25zL3VzLWNlbnRyYWwxL29wZXJhdGlvbnMvb3BlcmF0aW9uLTE3ODE2MDIwODE1MTEtNjU0NWI4ZjMzMThkMS01MTkxZDJjMC04M2Q3NjFlYg","metadata":{"@type":"type.googleapis.com/google.cloud.functions.v1.OperationMetadataV1","target":"projects/project-chronos-2026/locations/us-central1/functions/onPrivateAnchorAdded","type":"CREATE_FUNCTION","request":{"@type":"type.googleapis.com/google.cloud.functions.v1.CloudFunction","name":"projects/project-chronos-2026/locations/us-central1/functions/onPrivateAnchorAdded","eventTrigger":{"eventType":"providers/cloud.firestore/eventTypes/document.create","resource":"projects/project-chronos-2026/databases/(default)/documents/users/{userId}/private_anchors/{anchorId}","failurePolicy":{}},"entryPoint":"onPrivateAnchorAdded","updateTime":"1970-01-01T00:00:00Z","labels":{"deployment-tool":"cli-firebase","firebase-functions-hash":"9e4eb855464b6b6b4d9ace9d602c53da8653b3e0"},"sourceUploadUrl":"https://storage.googleapis.com/uploads-152531106823.us-central1.cloudfunctions.appspot.com/677f935c-9805-4071-8257-a6e70596f070.zip?GoogleAccessId=service-839998961406@gcf-admin-robot.iam.gserviceaccount.com&Expires=1781603876&Signature=bsrZPjwbmvTV5OL62FrtvsYiv1a3gbvKOBzV9DHKfhB2QMB2ow7g%2Fzi136dsgo2IljGIutPRSThKF8cuEESBZhmaqGCYLEnyvnYSgAKyVotrZXIBLosihjpFLCb3pC3wYO18kbVKmvDD7JRnD%2FvAs0pLo7SDGAYFR2moenLQj%2FdR98%2Bh%2BdZa4Rxq3W4%2FbQIC3jp8DKOPE42MndbfF17rWQmQXRJ%2FVC8PyMcDeDNnqxfMGZLJdzyKSXdAHB%2FXZhkm9w2EO65%2FI%2FVgZGSzhybU2IQQcCnaUnpYynQbDZFb4UD6vJILeJXe9t0uMyg1ge2ITqkB1XueyYQw5iYX3jvLng%3D%3D","environmentVariables":{"FIREBASE_CONFIG":"{\"projectId\":\"project-chronos-2026\",\"storageBucket\":\"project-chronos-2026.firebasestorage.app\"}","GCLOUD_PROJECT":"project-chronos-2026","EVENTARC_CLOUD_EVENT_SOURCE":"projects/project-chronos-2026/locations/us-central1/functions/onPrivateAnchorAdded"},"runtime":"nodejs20","buildEnvironmentVariables":{"GOOGLE_NODE_RUN_SCRIPTS":""},"dockerRegistry":"ARTIFACT_REGISTRY"},"versionId":"1","updateTime":"2026-06-16T09:28:01.958418291Z","buildId":"a5dd63d3-3871-4e5d-9bbd-e4809bd9719d","buildName":"projects/839998961406/locations/us-central1/builds/a5dd63d3-3871-4e5d-9bbd-e4809bd9719d"}}
[debug] [2026-06-16T09:29:11.536Z] [create-default-us-central1-onPrivateAnchorAdded] Retrying task index 0
[debug] [2026-06-16T09:29:11.546Z] Checked if tokens are valid: true, expires at: 1781604503053
[debug] [2026-06-16T09:29:11.548Z] Checked if tokens are valid: true, expires at: 1781604503053
[debug] [2026-06-16T09:29:11.551Z] >>> [apiv2][query] GET https://cloudfunctions.googleapis.com/v1/operations/cHJvamVjdHMvcHJvamVjdC1jaHJvbm9zLTIwMjYvbG9jYXRpb25zL3VzLWNlbnRyYWwxL29wZXJhdGlvbnMvb3BlcmF0aW9uLTE3ODE2MDIwODE1MTEtNjU0NWI4ZjMzMThkMS01MTkxZDJjMC04M2Q3NjFlYg [none]
[debug] [2026-06-16T09:29:12.328Z] <<< [apiv2][status] GET https://cloudfunctions.googleapis.com/v1/operations/cHJvamVjdHMvcHJvamVjdC1jaHJvbm9zLTIwMjYvbG9jYXRpb25zL3VzLWNlbnRyYWwxL29wZXJhdGlvbnMvb3BlcmF0aW9uLTE3ODE2MDIwODE1MTEtNjU0NWI4ZjMzMThkMS01MTkxZDJjMC04M2Q3NjFlYg 200
[debug] [2026-06-16T09:29:12.330Z] <<< [apiv2][body] GET https://cloudfunctions.googleapis.com/v1/operations/cHJvamVjdHMvcHJvamVjdC1jaHJvbm9zLTIwMjYvbG9jYXRpb25zL3VzLWNlbnRyYWwxL29wZXJhdGlvbnMvb3BlcmF0aW9uLTE3ODE2MDIwODE1MTEtNjU0NWI4ZjMzMThkMS01MTkxZDJjMC04M2Q3NjFlYg {"name":"operations/cHJvamVjdHMvcHJvamVjdC1jaHJvbm9zLTIwMjYvbG9jYXRpb25zL3VzLWNlbnRyYWwxL29wZXJhdGlvbnMvb3BlcmF0aW9uLTE3ODE2MDIwODE1MTEtNjU0NWI4ZjMzMThkMS01MTkxZDJjMC04M2Q3NjFlYg","metadata":{"@type":"type.googleapis.com/google.cloud.functions.v1.OperationMetadataV1","target":"projects/project-chronos-2026/locations/us-central1/functions/onPrivateAnchorAdded","type":"CREATE_FUNCTION","request":{"@type":"type.googleapis.com/google.cloud.functions.v1.CloudFunction","name":"projects/project-chronos-2026/locations/us-central1/functions/onPrivateAnchorAdded","eventTrigger":{"eventType":"providers/cloud.firestore/eventTypes/document.create","resource":"projects/project-chronos-2026/databases/(default)/documents/users/{userId}/private_anchors/{anchorId}","failurePolicy":{}},"entryPoint":"onPrivateAnchorAdded","updateTime":"1970-01-01T00:00:00Z","labels":{"deployment-tool":"cli-firebase","firebase-functions-hash":"9e4eb855464b6b6b4d9ace9d602c53da8653b3e0"},"sourceUploadUrl":"https://storage.googleapis.com/uploads-152531106823.us-central1.cloudfunctions.appspot.com/677f935c-9805-4071-8257-a6e70596f070.zip?GoogleAccessId=service-839998961406@gcf-admin-robot.iam.gserviceaccount.com&Expires=1781603876&Signature=bsrZPjwbmvTV5OL62FrtvsYiv1a3gbvKOBzV9DHKfhB2QMB2ow7g%2Fzi136dsgo2IljGIutPRSThKF8cuEESBZhmaqGCYLEnyvnYSgAKyVotrZXIBLosihjpFLCb3pC3wYO18kbVKmvDD7JRnD%2FvAs0pLo7SDGAYFR2moenLQj%2FdR98%2Bh%2BdZa4Rxq3W4%2FbQIC3jp8DKOPE42MndbfF17rWQmQXRJ%2FVC8PyMcDeDNnqxfMGZLJdzyKSXdAHB%2FXZhkm9w2EO65%2FI%2FVgZGSzhybU2IQQcCnaUnpYynQbDZFb4UD6vJILeJXe9t0uMyg1ge2ITqkB1XueyYQw5iYX3jvLng%3D%3D","environmentVariables":{"FIREBASE_CONFIG":"{\"projectId\":\"project-chronos-2026\",\"storageBucket\":\"project-chronos-2026.firebasestorage.app\"}","GCLOUD_PROJECT":"project-chronos-2026","EVENTARC_CLOUD_EVENT_SOURCE":"projects/project-chronos-2026/locations/us-central1/functions/onPrivateAnchorAdded"},"runtime":"nodejs20","buildEnvironmentVariables":{"GOOGLE_NODE_RUN_SCRIPTS":""},"dockerRegistry":"ARTIFACT_REGISTRY"},"versionId":"1","updateTime":"2026-06-16T09:29:04.441905890Z","buildId":"a5dd63d3-3871-4e5d-9bbd-e4809bd9719d","buildName":"projects/839998961406/locations/us-central1/builds/a5dd63d3-3871-4e5d-9bbd-e4809bd9719d"},"done":true,"error":{"code":3,"message":"Gen1 operation for function projects/project-chronos-2026/locations/us-central1/functions/onPrivateAnchorAdded failed: Build failed: Access to bucket gcf-sources-839998961406-us-central1 denied. You must grant Storage Object Viewer permission to 839998961406-compute@developer.gserviceaccount.com. If you are using VPC Service Controls, you must also grant it access to your service perimeter.\n."}}
[debug] [2026-06-16T09:29:12.332Z] Got source token undefined for region us-central1
[error] Gen1 operation for function projects/project-chronos-2026/locations/us-central1/functions/onPrivateAnchorAdded failed: Build failed: Access to bucket gcf-sources-839998961406-us-central1 denied. You must grant Storage Object Viewer permission to 839998961406-compute@developer.gserviceaccount.com. If you are using VPC Service Controls, you must also grant it access to your service perimeter.
.
[warn] ⚠  functions: Deploys failed. Skipping deletes. 
[debug] [2026-06-16T09:29:12.420Z] Total Function Deployment time: 74461
[debug] [2026-06-16T09:29:12.422Z] 2 Functions Deployed
[debug] [2026-06-16T09:29:12.423Z] 2 Functions Errored
[debug] [2026-06-16T09:29:12.424Z] 0 Function Deployments Aborted
[debug] [2026-06-16T09:29:12.425Z] Average Function Deployment time: 38917.5
[info] 
[info] Functions deploy had errors with the following functions:
	onPrivateAnchorAdded(us-central1)
	onWorkTaskAdded(us-central1)
[debug] [2026-06-16T09:29:12.497Z] Checked if tokens are valid: true, expires at: 1781604503053
[debug] [2026-06-16T09:29:12.498Z] Checked if tokens are valid: true, expires at: 1781604503053
[debug] [2026-06-16T09:29:12.500Z] >>> [apiv2][query] GET https://artifactregistry.googleapis.com/v1/projects/project-chronos-2026/locations/us-central1/repositories/gcf-artifacts [none]
[debug] [2026-06-16T09:29:13.719Z] <<< [apiv2][status] GET https://artifactregistry.googleapis.com/v1/projects/project-chronos-2026/locations/us-central1/repositories/gcf-artifacts 200
[debug] [2026-06-16T09:29:13.721Z] <<< [apiv2][body] GET https://artifactregistry.googleapis.com/v1/projects/project-chronos-2026/locations/us-central1/repositories/gcf-artifacts {"name":"projects/project-chronos-2026/locations/us-central1/repositories/gcf-artifacts","format":"DOCKER","description":"This repository is created and used by Cloud Functions for storing function docker images.","labels":{"goog-managed-by":"cloudfunctions"},"createTime":"2026-06-16T09:28:21.113693Z","updateTime":"2026-06-16T09:28:21.113693Z","mode":"STANDARD_REPOSITORY","vulnerabilityScanningConfig":{"lastEnableTime":"2026-06-16T09:28:04.251285822Z","enablementState":"SCANNING_DISABLED","enablementStateReason":"API containerscanning.googleapis.com is not enabled."},"satisfiesPzi":true,"registryUri":"us-central1-docker.pkg.dev/project-chronos-2026/gcf-artifacts"}
[warn] ⚠  functions: No cleanup policy detected for repositories in us-central1. This may result in a small monthly bill as container images accumulate over time. 
[info] i  functions: Configuring cleanup policy for repository in us-central1. Images older than 1 days will be automatically deleted. 
[debug] [2026-06-16T09:29:27.781Z] Setting up artifact cleanup policy for region us-central1
[debug] [2026-06-16T09:29:27.784Z] Checked if tokens are valid: true, expires at: 1781604503053
[debug] [2026-06-16T09:29:27.785Z] Checked if tokens are valid: true, expires at: 1781604503053
[debug] [2026-06-16T09:29:27.786Z] >>> [apiv2][query] PATCH https://artifactregistry.googleapis.com/v1/projects/project-chronos-2026/locations/us-central1/repositories/gcf-artifacts updateMask=name%2CcleanupPolicies%2CcleanupPolicyDryRun%2Clabels
[debug] [2026-06-16T09:29:27.786Z] >>> [apiv2][body] PATCH https://artifactregistry.googleapis.com/v1/projects/project-chronos-2026/locations/us-central1/repositories/gcf-artifacts {"name":"projects/project-chronos-2026/locations/us-central1/repositories/gcf-artifacts","cleanupPolicies":{"firebase-functions-cleanup":{"id":"firebase-functions-cleanup","condition":{"tagState":"ANY","olderThan":"86400s"},"action":"DELETE"}},"cleanupPolicyDryRun":false,"labels":{"goog-managed-by":"cloudfunctions"}}
[debug] [2026-06-16T09:29:28.722Z] <<< [apiv2][status] PATCH https://artifactregistry.googleapis.com/v1/projects/project-chronos-2026/locations/us-central1/repositories/gcf-artifacts 200
[debug] [2026-06-16T09:29:28.722Z] <<< [apiv2][body] PATCH https://artifactregistry.googleapis.com/v1/projects/project-chronos-2026/locations/us-central1/repositories/gcf-artifacts {"name":"projects/project-chronos-2026/locations/us-central1/repositories/gcf-artifacts","format":"DOCKER","description":"This repository is created and used by Cloud Functions for storing function docker images.","labels":{"goog-managed-by":"cloudfunctions"},"createTime":"2026-06-16T09:28:21.113693Z","updateTime":"2026-06-16T09:29:28.612190Z","mode":"STANDARD_REPOSITORY","cleanupPolicies":{"firebase-functions-cleanup":{"id":"firebase-functions-cleanup","action":"DELETE","condition":{"tagState":"ANY","olderThan":"86400s"}}},"vulnerabilityScanningConfig":{"lastEnableTime":"2026-06-16T09:28:04.251285822Z","enablementState":"SCANNING_DISABLED","enablementStateReason":"API containerscanning.googleapis.com is not enabled."},"satisfiesPzi":true}
[info] i  functions: Configured cleanup policy for repository in us-central1. 
[debug] [2026-06-16T09:29:28.723Z] Functions deploy failed.
[debug] [2026-06-16T09:29:28.724Z] {
  "endpoint": {
    "id": "onWorkTaskAdded",
    "project": "project-chronos-2026",
    "region": "us-central1",
    "entryPoint": "onWorkTaskAdded",
    "platform": "gcfv1",
    "runtime": "nodejs20",
    "eventTrigger": {
      "eventType": "providers/cloud.firestore/eventTypes/document.create",
      "retry": false,
      "eventFilters": {
        "resource": "projects/project-chronos-2026/databases/(default)/documents/users/{userId}/work_tasks/{taskId}"
      }
    },
    "labels": {
      "deployment-tool": "cli-firebase"
    },
    "serviceAccount": null,
    "ingressSettings": null,
    "availableMemoryMb": null,
    "timeoutSeconds": null,
    "maxInstances": null,
    "minInstances": null,
    "vpc": null,
    "environmentVariables": {
      "FIREBASE_CONFIG": "{\"projectId\":\"project-chronos-2026\",\"storageBucket\":\"project-chronos-2026.firebasestorage.app\"}",
      "GCLOUD_PROJECT": "project-chronos-2026",
      "EVENTARC_CLOUD_EVENT_SOURCE": "projects/project-chronos-2026/locations/us-central1/functions/onWorkTaskAdded"
    },
    "codebase": "default",
    "targetedByOnly": false,
    "hash": "9e4eb855464b6b6b4d9ace9d602c53da8653b3e0"
  },
  "op": "create",
  "original": {
    "name": "FirebaseError",
    "children": [],
    "exit": 1,
    "message": "Failed to create 1st Gen function projects/project-chronos-2026/locations/us-central1/functions/onWorkTaskAdded: Default service account '839998961406-compute@developer.gserviceaccount.com' doesn't exist. Please recreate this account or specify a different account. Please visit https://cloud.google.com/functions/docs/troubleshooting for in-depth troubleshooting documentation.",
    "original": {
      "code": 9,
      "message": "Failed to create 1st Gen function projects/project-chronos-2026/locations/us-central1/functions/onWorkTaskAdded: Default service account '839998961406-compute@developer.gserviceaccount.com' doesn't exist. Please recreate this account or specify a different account. Please visit https://cloud.google.com/functions/docs/troubleshooting for in-depth troubleshooting documentation."
    },
    "status": 9,
    "code": 9
  }
}
[debug] [2026-06-16T09:29:28.724Z] {
  "endpoint": {
    "id": "onPrivateAnchorAdded",
    "project": "project-chronos-2026",
    "region": "us-central1",
    "entryPoint": "onPrivateAnchorAdded",
    "platform": "gcfv1",
    "runtime": "nodejs20",
    "eventTrigger": {
      "eventType": "providers/cloud.firestore/eventTypes/document.create",
      "retry": false,
      "eventFilters": {
        "resource": "projects/project-chronos-2026/databases/(default)/documents/users/{userId}/private_anchors/{anchorId}"
      }
    },
    "labels": {
      "deployment-tool": "cli-firebase"
    },
    "serviceAccount": null,
    "ingressSettings": null,
    "availableMemoryMb": null,
    "timeoutSeconds": null,
    "maxInstances": null,
    "minInstances": null,
    "vpc": null,
    "environmentVariables": {
      "FIREBASE_CONFIG": "{\"projectId\":\"project-chronos-2026\",\"storageBucket\":\"project-chronos-2026.firebasestorage.app\"}",
      "GCLOUD_PROJECT": "project-chronos-2026",
      "EVENTARC_CLOUD_EVENT_SOURCE": "projects/project-chronos-2026/locations/us-central1/functions/onPrivateAnchorAdded"
    },
    "codebase": "default",
    "targetedByOnly": false,
    "hash": "9e4eb855464b6b6b4d9ace9d602c53da8653b3e0"
  },
  "op": "create",
  "original": {
    "name": "FirebaseError",
    "children": [],
    "exit": 1,
    "message": "Gen1 operation for function projects/project-chronos-2026/locations/us-central1/functions/onPrivateAnchorAdded failed: Build failed: Access to bucket gcf-sources-839998961406-us-central1 denied. You must grant Storage Object Viewer permission to 839998961406-compute@developer.gserviceaccount.com. If you are using VPC Service Controls, you must also grant it access to your service perimeter.\n.",
    "original": {
      "code": 3,
      "message": "Gen1 operation for function projects/project-chronos-2026/locations/us-central1/functions/onPrivateAnchorAdded failed: Build failed: Access to bucket gcf-sources-839998961406-us-central1 denied. You must grant Storage Object Viewer permission to 839998961406-compute@developer.gserviceaccount.com. If you are using VPC Service Controls, you must also grant it access to your service perimeter.\n."
    },
    "status": 3,
    "code": 3
  }
}
[error] Error: There was an error deploying functions:
[error] - Error Failed to create function onWorkTaskAdded in region us-central1
[error] - Error Failed to create function onPrivateAnchorAdded in region us-central1
[debug] [2026-06-16T09:31:30.401Z] ----------------------------------------------------------------------
[debug] [2026-06-16T09:31:30.425Z] Command:       /home/matthias/.config/nvm/versions/node/v24.16.0/bin/node /home/matthias/.config/nvm/versions/node/v24.16.0/bin/firebase deploy --only functions
[debug] [2026-06-16T09:31:30.430Z] CLI Version:   15.20.0
[debug] [2026-06-16T09:31:30.432Z] Platform:      linux
[debug] [2026-06-16T09:31:30.434Z] Node Version:  v24.16.0
[debug] [2026-06-16T09:31:30.436Z] Time:          Tue Jun 16 2026 11:31:30 GMT+0200 (Central European Summer Time)
[debug] [2026-06-16T09:31:30.439Z] ----------------------------------------------------------------------
[debug] 
[debug] [2026-06-16T09:31:50.639Z] > command requires scopes: ["email","openid","https://www.googleapis.com/auth/cloudplatformprojects.readonly","https://www.googleapis.com/auth/firebase","https://www.googleapis.com/auth/cloud-platform"]
[debug] [2026-06-16T09:31:50.640Z] > authorizing via signed-in user (kluthmatthias@gmail.com)
[debug] [2026-06-16T09:31:50.641Z] [iam] checking project project-chronos-2026 for permissions ["cloudfunctions.functions.create","cloudfunctions.functions.delete","cloudfunctions.functions.get","cloudfunctions.functions.list","cloudfunctions.functions.update","cloudfunctions.operations.get","firebase.projects.get"]
[debug] [2026-06-16T09:31:50.645Z] Checked if tokens are valid: true, expires at: 1781604503053
[debug] [2026-06-16T09:31:50.645Z] Checked if tokens are valid: true, expires at: 1781604503053
[debug] [2026-06-16T09:31:50.648Z] >>> [apiv2][query] POST https://cloudresourcemanager.googleapis.com/v1/projects/project-chronos-2026:testIamPermissions [none]
[debug] [2026-06-16T09:31:50.648Z] >>> [apiv2][(partial)header] POST https://cloudresourcemanager.googleapis.com/v1/projects/project-chronos-2026:testIamPermissions  x-goog-user-project=project-chronos-2026
[debug] [2026-06-16T09:31:50.649Z] >>> [apiv2][body] POST https://cloudresourcemanager.googleapis.com/v1/projects/project-chronos-2026:testIamPermissions {"permissions":["cloudfunctions.functions.create","cloudfunctions.functions.delete","cloudfunctions.functions.get","cloudfunctions.functions.list","cloudfunctions.functions.update","cloudfunctions.operations.get","firebase.projects.get"]}
[debug] [2026-06-16T09:31:51.200Z] <<< [apiv2][status] POST https://cloudresourcemanager.googleapis.com/v1/projects/project-chronos-2026:testIamPermissions 200
[debug] [2026-06-16T09:31:51.202Z] <<< [apiv2][body] POST https://cloudresourcemanager.googleapis.com/v1/projects/project-chronos-2026:testIamPermissions {"permissions":["cloudfunctions.functions.create","cloudfunctions.functions.delete","cloudfunctions.functions.get","cloudfunctions.functions.list","cloudfunctions.functions.update","cloudfunctions.operations.get","firebase.projects.get"]}
[debug] [2026-06-16T09:31:51.206Z] Checked if tokens are valid: true, expires at: 1781604503053
[debug] [2026-06-16T09:31:51.208Z] Checked if tokens are valid: true, expires at: 1781604503053
[debug] [2026-06-16T09:31:51.211Z] >>> [apiv2][query] POST https://iam.googleapis.com/v1/projects/project-chronos-2026/serviceAccounts/project-chronos-2026@appspot.gserviceaccount.com:testIamPermissions [none]
[debug] [2026-06-16T09:31:51.212Z] >>> [apiv2][body] POST https://iam.googleapis.com/v1/projects/project-chronos-2026/serviceAccounts/project-chronos-2026@appspot.gserviceaccount.com:testIamPermissions {"permissions":["iam.serviceAccounts.actAs"]}
[debug] [2026-06-16T09:31:52.090Z] <<< [apiv2][status] POST https://iam.googleapis.com/v1/projects/project-chronos-2026/serviceAccounts/project-chronos-2026@appspot.gserviceaccount.com:testIamPermissions 200
[debug] [2026-06-16T09:31:52.092Z] <<< [apiv2][body] POST https://iam.googleapis.com/v1/projects/project-chronos-2026/serviceAccounts/project-chronos-2026@appspot.gserviceaccount.com:testIamPermissions {"permissions":["iam.serviceAccounts.actAs"]}
[info] 
[info] === Deploying to 'project-chronos-2026'...
[info] 
[info] i  deploying functions 
[debug] [2026-06-16T09:31:52.116Z] Checked if tokens are valid: true, expires at: 1781604503053
[debug] [2026-06-16T09:31:52.117Z] Checked if tokens are valid: true, expires at: 1781604503053
[debug] [2026-06-16T09:31:52.117Z] >>> [apiv2][query] GET https://cloudresourcemanager.googleapis.com/v1/projects/project-chronos-2026 [none]
[debug] [2026-06-16T09:31:52.402Z] <<< [apiv2][status] GET https://cloudresourcemanager.googleapis.com/v1/projects/project-chronos-2026 200
[debug] [2026-06-16T09:31:52.403Z] <<< [apiv2][body] GET https://cloudresourcemanager.googleapis.com/v1/projects/project-chronos-2026 {"projectNumber":"839998961406","projectId":"project-chronos-2026","lifecycleState":"ACTIVE","name":"Project Chronos","labels":{"firebase":"enabled","firebase-core":"disabled"},"createTime":"2026-06-16T09:23:21.515Z"}
[info] i  functions: preparing codebase default for deployment 
[info] i  functions: ensuring required API cloudfunctions.googleapis.com is enabled... 
[info] i  functions: ensuring required API cloudbuild.googleapis.com is enabled... 
[info] i  artifactregistry: ensuring required API artifactregistry.googleapis.com is enabled... 
[debug] [2026-06-16T09:31:52.499Z] Checked if tokens are valid: true, expires at: 1781604503053
[debug] [2026-06-16T09:31:52.500Z] Checked if tokens are valid: true, expires at: 1781604503053
[debug] [2026-06-16T09:31:52.503Z] >>> [apiv2][query] GET https://firebase.googleapis.com/v1beta1/projects/project-chronos-2026/adminSdkConfig [none]
